<html>
<head>
<title>TestNG:  Default test</title>
<link href="../testng.css" rel="stylesheet" type="text/css" />
<link href="../my-testng.css" rel="stylesheet" type="text/css" />

<style type="text/css">
.log { display: none;} 
.stack-trace { display: none;} 
</style>
<script type="text/javascript">
<!--
function flip(e) {
  current = e.style.display;
  if (current == 'block') {
    e.style.display = 'none';
    return 0;
  }
  else {
    e.style.display = 'block';
    return 1;
  }
}

function toggleBox(szDivId, elem, msg1, msg2)
{
  var res = -1;  if (document.getElementById) {
    res = flip(document.getElementById(szDivId));
  }
  else if (document.all) {
    // this is the way old msie versions work
    res = flip(document.all[szDivId]);
  }
  if(elem) {
    if(res == 0) elem.innerHTML = msg1; else elem.innerHTML = msg2;
  }

}

function toggleAllBoxes() {
  if (document.getElementsByTagName) {
    d = document.getElementsByTagName('div');
    for (i = 0; i < d.length; i++) {
      if (d[i].className == 'log') {
        flip(d[i]);
      }
    }
  }
}

// -->
</script>

</head>
<body>
<h2 align='center'>Default test</h2><table border='1' align="center">
<tr>
<td>Tests passed/Failed/Skipped:</td><td>44/10/0</td>
</tr><tr>
<td>Started on:</td><td>Sat Mar 11 21:11:43 PST 2017</td>
</tr>
<tr><td>Total time:</td><td>0 seconds (776 ms)</td>
</tr><tr>
<td>Included groups:</td><td></td>
</tr><tr>
<td>Excluded groups:</td><td></td>
</tr>
</table><p/>
<small><i>(Hover the method name to see the test class name)</i></small><p/>
<table width='100%' border='1' class='invocation-failed'>
<tr><td colspan='4' align='center'><b>FAILED TESTS</b></td></tr>
<tr><td><b>Test method</b></td>
<td width="30%"><b>Exception</b></td>
<td width="10%"><b>Time (seconds)</b></td>
<td><b>Instance</b></td>
</tr>
<tr>
<td title='core.CreditCardValidationTest.card_cvv_test()'><b>card_cvv_test</b><br>Test class: core.CreditCardValidationTest (4532-5471-0699-6)<br>Parameters: BLAH, 4532-5471-0699-4816-1234, 06/16, 1234</td>
<td><div><pre>java.lang.AssertionError: 
Expected: is &lt;true&gt;
     but: was &lt;false&gt;
	at org.hamcrest.MatcherAssert.assertThat(MatcherAssert.java:20)
	at org.hamcrest.MatcherAssert.assertThat(MatcherAssert.java:8)
	at core.CreditCardValidationTest.card_cvv_test(CreditCardValidationTest.java:61)
	at sun.reflect.NativeMethodAccessorImpl.invoke0(Native Method)
	at sun.reflect.NativeMethodAccessorImpl.invoke(NativeMethodAccessorImpl.java:62)
	at sun.reflect.DelegatingMethodAccessorImpl.invoke(DelegatingMethodAccessorImpl.java:43)
	at java.lang.reflect.Method.invoke(Method.java:498)
	at org.testng.internal.MethodInvocationHelper.invokeMethod(MethodInvocationHelper.java:104)
	at org.testng.internal.Invoker.invokeMethod(Invoker.java:645)
	at org.testng.internal.Invoker.invokeTestMethod(Invoker.java:851)
	at org.testng.internal.Invoker.invokeTestMethods(Invoker.java:1177)
	at org.testng.internal.TestMethodWorker.invokeTestMethods(TestMethodWorker.java:129)
	at org.testng.internal.TestMethodWorker.run(TestMethodWorker.java:112)
	at org.testng.TestRunner.privateRun(TestRunner.java:756)
	at org.testng.TestRunner.run(TestRunner.java:610)
	at org.testng.SuiteRunner.runTest(SuiteRunner.java:387)
	at org.testng.SuiteRunner.runSequentially(SuiteRunner.java:382)
	at org.testng.SuiteRunner.privateRun(SuiteRunner.java:340)
	at org.testng.SuiteRunner.run(SuiteRunner.java:289)
	at org.testng.SuiteRunnerWorker.runSuite(SuiteRunnerWorker.java:52)
	at org.testng.SuiteRunnerWorker.run(SuiteRunnerWorker.java:86)
	at org.testng.TestNG.runSuitesSequentially(TestNG.java:1293)
	at org.testng.TestNG.runSuitesLocally(TestNG.java:1218)
	at org.testng.TestNG.runSuites(TestNG.java:1133)
	at org.testng.TestNG.run(TestNG.java:1104)
	at org.testng.remote.AbstractRemoteTestNG.run(AbstractRemoteTestNG.java:132)
	at org.testng.remote.RemoteTestNG.initAndRun(RemoteTestNG.java:236)
	at org.testng.remote.RemoteTestNG.main(RemoteTestNG.java:81)
</pre></div><a href='#' onClick='toggleBox("stack-trace1579140143", this, "Click to show all stack frames", "Click to hide stack frames")'>Click to show all stack frames</a>
<div class='stack-trace' id='stack-trace1579140143'><pre>java.lang.AssertionError: 
Expected: is &lt;true&gt;
     but: was &lt;false&gt;
	at org.hamcrest.MatcherAssert.assertThat(MatcherAssert.java:20)
	at org.hamcrest.MatcherAssert.assertThat(MatcherAssert.java:8)
	at core.CreditCardValidationTest.card_cvv_test(CreditCardValidationTest.java:61)
	at sun.reflect.NativeMethodAccessorImpl.invoke0(Native Method)
	at sun.reflect.NativeMethodAccessorImpl.invoke(NativeMethodAccessorImpl.java:62)
	at sun.reflect.DelegatingMethodAccessorImpl.invoke(DelegatingMethodAccessorImpl.java:43)
	at java.lang.reflect.Method.invoke(Method.java:498)
	at org.testng.internal.MethodInvocationHelper.invokeMethod(MethodInvocationHelper.java:104)
	at org.testng.internal.Invoker.invokeMethod(Invoker.java:645)
	at org.testng.internal.Invoker.invokeTestMethod(Invoker.java:851)
	at org.testng.internal.Invoker.invokeTestMethods(Invoker.java:1177)
	at org.testng.internal.TestMethodWorker.invokeTestMethods(TestMethodWorker.java:129)
	at org.testng.internal.TestMethodWorker.run(TestMethodWorker.java:112)
	at org.testng.TestRunner.privateRun(TestRunner.java:756)
	at org.testng.TestRunner.run(TestRunner.java:610)
	at org.testng.SuiteRunner.runTest(SuiteRunner.java:387)
	at org.testng.SuiteRunner.runSequentially(SuiteRunner.java:382)
	at org.testng.SuiteRunner.privateRun(SuiteRunner.java:340)
	at org.testng.SuiteRunner.run(SuiteRunner.java:289)
	at org.testng.SuiteRunnerWorker.runSuite(SuiteRunnerWorker.java:52)
	at org.testng.SuiteRunnerWorker.run(SuiteRunnerWorker.java:86)
	at org.testng.TestNG.runSuitesSequentially(TestNG.java:1293)
	at org.testng.TestNG.runSuitesLocally(TestNG.java:1218)
	at org.testng.TestNG.runSuites(TestNG.java:1133)
	at org.testng.TestNG.run(TestNG.java:1104)
	at org.testng.remote.AbstractRemoteTestNG.run(AbstractRemoteTestNG.java:132)
	at org.testng.remote.RemoteTestNG.initAndRun(RemoteTestNG.java:236)
	at org.testng.remote.RemoteTestNG.main(RemoteTestNG.java:81)
</pre></div></td>
<td>0</td>
<td>core.CreditCardValidationTest@1b4ae4e0</td></tr>
<tr>
<td title='core.CreditCardValidationTest.card_exp_test()'><b>card_exp_test</b><br>Test class: core.CreditCardValidationTest (4532-5471-0699-6)<br>Parameters: BLAH, 4532-5471-0699-4816-1234, 06/16, 1234</td>
<td><div><pre>java.lang.AssertionError: 
Expected: is &lt;true&gt;
     but: was &lt;false&gt;
	at org.hamcrest.MatcherAssert.assertThat(MatcherAssert.java:20)
	at org.hamcrest.MatcherAssert.assertThat(MatcherAssert.java:8)
	at core.CreditCardValidationTest.card_exp_test(CreditCardValidationTest.java:57)
	at sun.reflect.NativeMethodAccessorImpl.invoke0(Native Method)
	at sun.reflect.NativeMethodAccessorImpl.invoke(NativeMethodAccessorImpl.java:62)
	at sun.reflect.DelegatingMethodAccessorImpl.invoke(DelegatingMethodAccessorImpl.java:43)
	at java.lang.reflect.Method.invoke(Method.java:498)
	at org.testng.internal.MethodInvocationHelper.invokeMethod(MethodInvocationHelper.java:104)
	at org.testng.internal.Invoker.invokeMethod(Invoker.java:645)
	at org.testng.internal.Invoker.invokeTestMethod(Invoker.java:851)
	at org.testng.internal.Invoker.invokeTestMethods(Invoker.java:1177)
	at org.testng.internal.TestMethodWorker.invokeTestMethods(TestMethodWorker.java:129)
	at org.testng.internal.TestMethodWorker.run(TestMethodWorker.java:112)
	at org.testng.TestRunner.privateRun(TestRunner.java:756)
	at org.testng.TestRunner.run(TestRunner.java:610)
	at org.testng.SuiteRunner.runTest(SuiteRunner.java:387)
	at org.testng.SuiteRunner.runSequentially(SuiteRunner.java:382)
	at org.testng.SuiteRunner.privateRun(SuiteRunner.java:340)
	at org.testng.SuiteRunner.run(SuiteRunner.java:289)
	at org.testng.SuiteRunnerWorker.runSuite(SuiteRunnerWorker.java:52)
	at org.testng.SuiteRunnerWorker.run(SuiteRunnerWorker.java:86)
	at org.testng.TestNG.runSuitesSequentially(TestNG.java:1293)
	at org.testng.TestNG.runSuitesLocally(TestNG.java:1218)
	at org.testng.TestNG.runSuites(TestNG.java:1133)
	at org.testng.TestNG.run(TestNG.java:1104)
	at org.testng.remote.AbstractRemoteTestNG.run(AbstractRemoteTestNG.java:132)
	at org.testng.remote.RemoteTestNG.initAndRun(RemoteTestNG.java:236)
	at org.testng.remote.RemoteTestNG.main(RemoteTestNG.java:81)
</pre></div><a href='#' onClick='toggleBox("stack-trace761197720", this, "Click to show all stack frames", "Click to hide stack frames")'>Click to show all stack frames</a>
<div class='stack-trace' id='stack-trace761197720'><pre>java.lang.AssertionError: 
Expected: is &lt;true&gt;
     but: was &lt;false&gt;
	at org.hamcrest.MatcherAssert.assertThat(MatcherAssert.java:20)
	at org.hamcrest.MatcherAssert.assertThat(MatcherAssert.java:8)
	at core.CreditCardValidationTest.card_exp_test(CreditCardValidationTest.java:57)
	at sun.reflect.NativeMethodAccessorImpl.invoke0(Native Method)
	at sun.reflect.NativeMethodAccessorImpl.invoke(NativeMethodAccessorImpl.java:62)
	at sun.reflect.DelegatingMethodAccessorImpl.invoke(DelegatingMethodAccessorImpl.java:43)
	at java.lang.reflect.Method.invoke(Method.java:498)
	at org.testng.internal.MethodInvocationHelper.invokeMethod(MethodInvocationHelper.java:104)
	at org.testng.internal.Invoker.invokeMethod(Invoker.java:645)
	at org.testng.internal.Invoker.invokeTestMethod(Invoker.java:851)
	at org.testng.internal.Invoker.invokeTestMethods(Invoker.java:1177)
	at org.testng.internal.TestMethodWorker.invokeTestMethods(TestMethodWorker.java:129)
	at org.testng.internal.TestMethodWorker.run(TestMethodWorker.java:112)
	at org.testng.TestRunner.privateRun(TestRunner.java:756)
	at org.testng.TestRunner.run(TestRunner.java:610)
	at org.testng.SuiteRunner.runTest(SuiteRunner.java:387)
	at org.testng.SuiteRunner.runSequentially(SuiteRunner.java:382)
	at org.testng.SuiteRunner.privateRun(SuiteRunner.java:340)
	at org.testng.SuiteRunner.run(SuiteRunner.java:289)
	at org.testng.SuiteRunnerWorker.runSuite(SuiteRunnerWorker.java:52)
	at org.testng.SuiteRunnerWorker.run(SuiteRunnerWorker.java:86)
	at org.testng.TestNG.runSuitesSequentially(TestNG.java:1293)
	at org.testng.TestNG.runSuitesLocally(TestNG.java:1218)
	at org.testng.TestNG.runSuites(TestNG.java:1133)
	at org.testng.TestNG.run(TestNG.java:1104)
	at org.testng.remote.AbstractRemoteTestNG.run(AbstractRemoteTestNG.java:132)
	at org.testng.remote.RemoteTestNG.initAndRun(RemoteTestNG.java:236)
	at org.testng.remote.RemoteTestNG.main(RemoteTestNG.java:81)
</pre></div></td>
<td>0</td>
<td>core.CreditCardValidationTest@1b4ae4e0</td></tr>
<tr>
<td title='core.CreditCardValidationTest.card_number_length_test()'><b>card_number_length_test</b><br>Test class: core.CreditCardValidationTest (4532-5471-0699-6)<br>Parameters: Discover, 6011 9333 0267 9614 1, 02/18, 123</td>
<td><div><pre>java.lang.AssertionError: 
Expected: is &lt;true&gt;
     but: was &lt;false&gt;
	at org.hamcrest.MatcherAssert.assertThat(MatcherAssert.java:20)
	at org.hamcrest.MatcherAssert.assertThat(MatcherAssert.java:8)
	at core.CreditCardValidationTest.card_number_length_test(CreditCardValidationTest.java:48)
	at sun.reflect.NativeMethodAccessorImpl.invoke0(Native Method)
	at sun.reflect.NativeMethodAccessorImpl.invoke(NativeMethodAccessorImpl.java:62)
	at sun.reflect.DelegatingMethodAccessorImpl.invoke(DelegatingMethodAccessorImpl.java:43)
	at java.lang.reflect.Method.invoke(Method.java:498)
	at org.testng.internal.MethodInvocationHelper.invokeMethod(MethodInvocationHelper.java:104)
	at org.testng.internal.Invoker.invokeMethod(Invoker.java:645)
	at org.testng.internal.Invoker.invokeTestMethod(Invoker.java:851)
	at org.testng.internal.Invoker.invokeTestMethods(Invoker.java:1177)
	at org.testng.internal.TestMethodWorker.invokeTestMethods(TestMethodWorker.java:129)
	at org.testng.internal.TestMethodWorker.run(TestMethodWorker.java:112)
	at org.testng.TestRunner.privateRun(TestRunner.java:756)
	at org.testng.TestRunner.run(TestRunner.java:610)
	at org.testng.SuiteRunner.runTest(SuiteRunner.java:387)
	at org.testng.SuiteRunner.runSequentially(SuiteRunner.java:382)
	at org.testng.SuiteRunner.privateRun(SuiteRunner.java:340)
	at org.testng.SuiteRunner.run(SuiteRunner.java:289)
	at org.testng.SuiteRunnerWorker.runSuite(SuiteRunnerWorker.java:52)
	at org.testng.SuiteRunnerWorker.run(SuiteRunnerWorker.java:86)
	at org.testng.TestNG.runSuitesSequentially(TestNG.java:1293)
	at org.testng.TestNG.runSuitesLocally(TestNG.java:1218)
	at org.testng.TestNG.runSuites(TestNG.java:1133)
	at org.testng.TestNG.run(TestNG.java:1104)
	at org.testng.remote.AbstractRemoteTestNG.run(AbstractRemoteTestNG.java:132)
	at org.testng.remote.RemoteTestNG.initAndRun(RemoteTestNG.java:236)
	at org.testng.remote.RemoteTestNG.main(RemoteTestNG.java:81)
</pre></div><a href='#' onClick='toggleBox("stack-trace1480816641", this, "Click to show all stack frames", "Click to hide stack frames")'>Click to show all stack frames</a>
<div class='stack-trace' id='stack-trace1480816641'><pre>java.lang.AssertionError: 
Expected: is &lt;true&gt;
     but: was &lt;false&gt;
	at org.hamcrest.MatcherAssert.assertThat(MatcherAssert.java:20)
	at org.hamcrest.MatcherAssert.assertThat(MatcherAssert.java:8)
	at core.CreditCardValidationTest.card_number_length_test(CreditCardValidationTest.java:48)
	at sun.reflect.NativeMethodAccessorImpl.invoke0(Native Method)
	at sun.reflect.NativeMethodAccessorImpl.invoke(NativeMethodAccessorImpl.java:62)
	at sun.reflect.DelegatingMethodAccessorImpl.invoke(DelegatingMethodAccessorImpl.java:43)
	at java.lang.reflect.Method.invoke(Method.java:498)
	at org.testng.internal.MethodInvocationHelper.invokeMethod(MethodInvocationHelper.java:104)
	at org.testng.internal.Invoker.invokeMethod(Invoker.java:645)
	at org.testng.internal.Invoker.invokeTestMethod(Invoker.java:851)
	at org.testng.internal.Invoker.invokeTestMethods(Invoker.java:1177)
	at org.testng.internal.TestMethodWorker.invokeTestMethods(TestMethodWorker.java:129)
	at org.testng.internal.TestMethodWorker.run(TestMethodWorker.java:112)
	at org.testng.TestRunner.privateRun(TestRunner.java:756)
	at org.testng.TestRunner.run(TestRunner.java:610)
	at org.testng.SuiteRunner.runTest(SuiteRunner.java:387)
	at org.testng.SuiteRunner.runSequentially(SuiteRunner.java:382)
	at org.testng.SuiteRunner.privateRun(SuiteRunner.java:340)
	at org.testng.SuiteRunner.run(SuiteRunner.java:289)
	at org.testng.SuiteRunnerWorker.runSuite(SuiteRunnerWorker.java:52)
	at org.testng.SuiteRunnerWorker.run(SuiteRunnerWorker.java:86)
	at org.testng.TestNG.runSuitesSequentially(TestNG.java:1293)
	at org.testng.TestNG.runSuitesLocally(TestNG.java:1218)
	at org.testng.TestNG.runSuites(TestNG.java:1133)
	at org.testng.TestNG.run(TestNG.java:1104)
	at org.testng.remote.AbstractRemoteTestNG.run(AbstractRemoteTestNG.java:132)
	at org.testng.remote.RemoteTestNG.initAndRun(RemoteTestNG.java:236)
	at org.testng.remote.RemoteTestNG.main(RemoteTestNG.java:81)
</pre></div></td>
<td>0</td>
<td>core.CreditCardValidationTest@1b4ae4e0</td></tr>
<tr>
<td title='core.CreditCardValidationTest.card_number_length_test()'><b>card_number_length_test</b><br>Test class: core.CreditCardValidationTest (4532-5471-0699-6)<br>Parameters: BLAH, 4532-5471-0699-4816-1234, 06/16, 1234</td>
<td><div><pre>java.lang.AssertionError: 
Expected: is &lt;true&gt;
     but: was &lt;false&gt;
	at org.hamcrest.MatcherAssert.assertThat(MatcherAssert.java:20)
	at org.hamcrest.MatcherAssert.assertThat(MatcherAssert.java:8)
	at core.CreditCardValidationTest.card_number_length_test(CreditCardValidationTest.java:48)
	at sun.reflect.NativeMethodAccessorImpl.invoke0(Native Method)
	at sun.reflect.NativeMethodAccessorImpl.invoke(NativeMethodAccessorImpl.java:62)
	at sun.reflect.DelegatingMethodAccessorImpl.invoke(DelegatingMethodAccessorImpl.java:43)
	at java.lang.reflect.Method.invoke(Method.java:498)
	at org.testng.internal.MethodInvocationHelper.invokeMethod(MethodInvocationHelper.java:104)
	at org.testng.internal.Invoker.invokeMethod(Invoker.java:645)
	at org.testng.internal.Invoker.invokeTestMethod(Invoker.java:851)
	at org.testng.internal.Invoker.invokeTestMethods(Invoker.java:1177)
	at org.testng.internal.TestMethodWorker.invokeTestMethods(TestMethodWorker.java:129)
	at org.testng.internal.TestMethodWorker.run(TestMethodWorker.java:112)
	at org.testng.TestRunner.privateRun(TestRunner.java:756)
	at org.testng.TestRunner.run(TestRunner.java:610)
	at org.testng.SuiteRunner.runTest(SuiteRunner.java:387)
	at org.testng.SuiteRunner.runSequentially(SuiteRunner.java:382)
	at org.testng.SuiteRunner.privateRun(SuiteRunner.java:340)
	at org.testng.SuiteRunner.run(SuiteRunner.java:289)
	at org.testng.SuiteRunnerWorker.runSuite(SuiteRunnerWorker.java:52)
	at org.testng.SuiteRunnerWorker.run(SuiteRunnerWorker.java:86)
	at org.testng.TestNG.runSuitesSequentially(TestNG.java:1293)
	at org.testng.TestNG.runSuitesLocally(TestNG.java:1218)
	at org.testng.TestNG.runSuites(TestNG.java:1133)
	at org.testng.TestNG.run(TestNG.java:1104)
	at org.testng.remote.AbstractRemoteTestNG.run(AbstractRemoteTestNG.java:132)
	at org.testng.remote.RemoteTestNG.initAndRun(RemoteTestNG.java:236)
	at org.testng.remote.RemoteTestNG.main(RemoteTestNG.java:81)
</pre></div><a href='#' onClick='toggleBox("stack-trace253257929", this, "Click to show all stack frames", "Click to hide stack frames")'>Click to show all stack frames</a>
<div class='stack-trace' id='stack-trace253257929'><pre>java.lang.AssertionError: 
Expected: is &lt;true&gt;
     but: was &lt;false&gt;
	at org.hamcrest.MatcherAssert.assertThat(MatcherAssert.java:20)
	at org.hamcrest.MatcherAssert.assertThat(MatcherAssert.java:8)
	at core.CreditCardValidationTest.card_number_length_test(CreditCardValidationTest.java:48)
	at sun.reflect.NativeMethodAccessorImpl.invoke0(Native Method)
	at sun.reflect.NativeMethodAccessorImpl.invoke(NativeMethodAccessorImpl.java:62)
	at sun.reflect.DelegatingMethodAccessorImpl.invoke(DelegatingMethodAccessorImpl.java:43)
	at java.lang.reflect.Method.invoke(Method.java:498)
	at org.testng.internal.MethodInvocationHelper.invokeMethod(MethodInvocationHelper.java:104)
	at org.testng.internal.Invoker.invokeMethod(Invoker.java:645)
	at org.testng.internal.Invoker.invokeTestMethod(Invoker.java:851)
	at org.testng.internal.Invoker.invokeTestMethods(Invoker.java:1177)
	at org.testng.internal.TestMethodWorker.invokeTestMethods(TestMethodWorker.java:129)
	at org.testng.internal.TestMethodWorker.run(TestMethodWorker.java:112)
	at org.testng.TestRunner.privateRun(TestRunner.java:756)
	at org.testng.TestRunner.run(TestRunner.java:610)
	at org.testng.SuiteRunner.runTest(SuiteRunner.java:387)
	at org.testng.SuiteRunner.runSequentially(SuiteRunner.java:382)
	at org.testng.SuiteRunner.privateRun(SuiteRunner.java:340)
	at org.testng.SuiteRunner.run(SuiteRunner.java:289)
	at org.testng.SuiteRunnerWorker.runSuite(SuiteRunnerWorker.java:52)
	at org.testng.SuiteRunnerWorker.run(SuiteRunnerWorker.java:86)
	at org.testng.TestNG.runSuitesSequentially(TestNG.java:1293)
	at org.testng.TestNG.runSuitesLocally(TestNG.java:1218)
	at org.testng.TestNG.runSuites(TestNG.java:1133)
	at org.testng.TestNG.run(TestNG.java:1104)
	at org.testng.remote.AbstractRemoteTestNG.run(AbstractRemoteTestNG.java:132)
	at org.testng.remote.RemoteTestNG.initAndRun(RemoteTestNG.java:236)
	at org.testng.remote.RemoteTestNG.main(RemoteTestNG.java:81)
</pre></div></td>
<td>0</td>
<td>core.CreditCardValidationTest@1b4ae4e0</td></tr>
<tr>
<td title='core.CreditCardValidationTest.card_type_test()'><b>card_type_test</b><br>Test class: core.CreditCardValidationTest (4532-5471-0699-6)<br>Parameters: Discover, 6011 9333 0267 9614 1, 02/18, 123</td>
<td><div><pre>java.lang.AssertionError: 
Expected: is &lt;true&gt;
     but: was &lt;false&gt;
	at org.hamcrest.MatcherAssert.assertThat(MatcherAssert.java:20)
	at org.hamcrest.MatcherAssert.assertThat(MatcherAssert.java:8)
	at core.CreditCardValidationTest.card_type_test(CreditCardValidationTest.java:43)
	at sun.reflect.NativeMethodAccessorImpl.invoke0(Native Method)
	at sun.reflect.NativeMethodAccessorImpl.invoke(NativeMethodAccessorImpl.java:62)
	at sun.reflect.DelegatingMethodAccessorImpl.invoke(DelegatingMethodAccessorImpl.java:43)
	at java.lang.reflect.Method.invoke(Method.java:498)
	at org.testng.internal.MethodInvocationHelper.invokeMethod(MethodInvocationHelper.java:104)
	at org.testng.internal.Invoker.invokeMethod(Invoker.java:645)
	at org.testng.internal.Invoker.invokeTestMethod(Invoker.java:851)
	at org.testng.internal.Invoker.invokeTestMethods(Invoker.java:1177)
	at org.testng.internal.TestMethodWorker.invokeTestMethods(TestMethodWorker.java:129)
	at org.testng.internal.TestMethodWorker.run(TestMethodWorker.java:112)
	at org.testng.TestRunner.privateRun(TestRunner.java:756)
	at org.testng.TestRunner.run(TestRunner.java:610)
	at org.testng.SuiteRunner.runTest(SuiteRunner.java:387)
	at org.testng.SuiteRunner.runSequentially(SuiteRunner.java:382)
	at org.testng.SuiteRunner.privateRun(SuiteRunner.java:340)
	at org.testng.SuiteRunner.run(SuiteRunner.java:289)
	at org.testng.SuiteRunnerWorker.runSuite(SuiteRunnerWorker.java:52)
	at org.testng.SuiteRunnerWorker.run(SuiteRunnerWorker.java:86)
	at org.testng.TestNG.runSuitesSequentially(TestNG.java:1293)
	at org.testng.TestNG.runSuitesLocally(TestNG.java:1218)
	at org.testng.TestNG.runSuites(TestNG.java:1133)
	at org.testng.TestNG.run(TestNG.java:1104)
	at org.testng.remote.AbstractRemoteTestNG.run(AbstractRemoteTestNG.java:132)
	at org.testng.remote.RemoteTestNG.initAndRun(RemoteTestNG.java:236)
	at org.testng.remote.RemoteTestNG.main(RemoteTestNG.java:81)
</pre></div><a href='#' onClick='toggleBox("stack-trace2070703728", this, "Click to show all stack frames", "Click to hide stack frames")'>Click to show all stack frames</a>
<div class='stack-trace' id='stack-trace2070703728'><pre>java.lang.AssertionError: 
Expected: is &lt;true&gt;
     but: was &lt;false&gt;
	at org.hamcrest.MatcherAssert.assertThat(MatcherAssert.java:20)
	at org.hamcrest.MatcherAssert.assertThat(MatcherAssert.java:8)
	at core.CreditCardValidationTest.card_type_test(CreditCardValidationTest.java:43)
	at sun.reflect.NativeMethodAccessorImpl.invoke0(Native Method)
	at sun.reflect.NativeMethodAccessorImpl.invoke(NativeMethodAccessorImpl.java:62)
	at sun.reflect.DelegatingMethodAccessorImpl.invoke(DelegatingMethodAccessorImpl.java:43)
	at java.lang.reflect.Method.invoke(Method.java:498)
	at org.testng.internal.MethodInvocationHelper.invokeMethod(MethodInvocationHelper.java:104)
	at org.testng.internal.Invoker.invokeMethod(Invoker.java:645)
	at org.testng.internal.Invoker.invokeTestMethod(Invoker.java:851)
	at org.testng.internal.Invoker.invokeTestMethods(Invoker.java:1177)
	at org.testng.internal.TestMethodWorker.invokeTestMethods(TestMethodWorker.java:129)
	at org.testng.internal.TestMethodWorker.run(TestMethodWorker.java:112)
	at org.testng.TestRunner.privateRun(TestRunner.java:756)
	at org.testng.TestRunner.run(TestRunner.java:610)
	at org.testng.SuiteRunner.runTest(SuiteRunner.java:387)
	at org.testng.SuiteRunner.runSequentially(SuiteRunner.java:382)
	at org.testng.SuiteRunner.privateRun(SuiteRunner.java:340)
	at org.testng.SuiteRunner.run(SuiteRunner.java:289)
	at org.testng.SuiteRunnerWorker.runSuite(SuiteRunnerWorker.java:52)
	at org.testng.SuiteRunnerWorker.run(SuiteRunnerWorker.java:86)
	at org.testng.TestNG.runSuitesSequentially(TestNG.java:1293)
	at org.testng.TestNG.runSuitesLocally(TestNG.java:1218)
	at org.testng.TestNG.runSuites(TestNG.java:1133)
	at org.testng.TestNG.run(TestNG.java:1104)
	at org.testng.remote.AbstractRemoteTestNG.run(AbstractRemoteTestNG.java:132)
	at org.testng.remote.RemoteTestNG.initAndRun(RemoteTestNG.java:236)
	at org.testng.remote.RemoteTestNG.main(RemoteTestNG.java:81)
</pre></div></td>
<td>0</td>
<td>core.CreditCardValidationTest@1b4ae4e0</td></tr>
<tr>
<td title='core.CreditCardValidationTest.card_type_test()'><b>card_type_test</b><br>Test class: core.CreditCardValidationTest (4532-5471-0699-6)<br>Parameters: BLAH, 4532-5471-0699-4816-1234, 06/16, 1234</td>
<td><div><pre>java.lang.AssertionError: 
Expected: is &lt;true&gt;
     but: was &lt;false&gt;
	at org.hamcrest.MatcherAssert.assertThat(MatcherAssert.java:20)
	at org.hamcrest.MatcherAssert.assertThat(MatcherAssert.java:8)
	at core.CreditCardValidationTest.card_type_test(CreditCardValidationTest.java:43)
	at sun.reflect.NativeMethodAccessorImpl.invoke0(Native Method)
	at sun.reflect.NativeMethodAccessorImpl.invoke(NativeMethodAccessorImpl.java:62)
	at sun.reflect.DelegatingMethodAccessorImpl.invoke(DelegatingMethodAccessorImpl.java:43)
	at java.lang.reflect.Method.invoke(Method.java:498)
	at org.testng.internal.MethodInvocationHelper.invokeMethod(MethodInvocationHelper.java:104)
	at org.testng.internal.Invoker.invokeMethod(Invoker.java:645)
	at org.testng.internal.Invoker.invokeTestMethod(Invoker.java:851)
	at org.testng.internal.Invoker.invokeTestMethods(Invoker.java:1177)
	at org.testng.internal.TestMethodWorker.invokeTestMethods(TestMethodWorker.java:129)
	at org.testng.internal.TestMethodWorker.run(TestMethodWorker.java:112)
	at org.testng.TestRunner.privateRun(TestRunner.java:756)
	at org.testng.TestRunner.run(TestRunner.java:610)
	at org.testng.SuiteRunner.runTest(SuiteRunner.java:387)
	at org.testng.SuiteRunner.runSequentially(SuiteRunner.java:382)
	at org.testng.SuiteRunner.privateRun(SuiteRunner.java:340)
	at org.testng.SuiteRunner.run(SuiteRunner.java:289)
	at org.testng.SuiteRunnerWorker.runSuite(SuiteRunnerWorker.java:52)
	at org.testng.SuiteRunnerWorker.run(SuiteRunnerWorker.java:86)
	at org.testng.TestNG.runSuitesSequentially(TestNG.java:1293)
	at org.testng.TestNG.runSuitesLocally(TestNG.java:1218)
	at org.testng.TestNG.runSuites(TestNG.java:1133)
	at org.testng.TestNG.run(TestNG.java:1104)
	at org.testng.remote.AbstractRemoteTestNG.run(AbstractRemoteTestNG.java:132)
	at org.testng.remote.RemoteTestNG.initAndRun(RemoteTestNG.java:236)
	at org.testng.remote.RemoteTestNG.main(RemoteTestNG.java:81)
</pre></div><a href='#' onClick='toggleBox("stack-trace839259983", this, "Click to show all stack frames", "Click to hide stack frames")'>Click to show all stack frames</a>
<div class='stack-trace' id='stack-trace839259983'><pre>java.lang.AssertionError: 
Expected: is &lt;true&gt;
     but: was &lt;false&gt;
	at org.hamcrest.MatcherAssert.assertThat(MatcherAssert.java:20)
	at org.hamcrest.MatcherAssert.assertThat(MatcherAssert.java:8)
	at core.CreditCardValidationTest.card_type_test(CreditCardValidationTest.java:43)
	at sun.reflect.NativeMethodAccessorImpl.invoke0(Native Method)
	at sun.reflect.NativeMethodAccessorImpl.invoke(NativeMethodAccessorImpl.java:62)
	at sun.reflect.DelegatingMethodAccessorImpl.invoke(DelegatingMethodAccessorImpl.java:43)
	at java.lang.reflect.Method.invoke(Method.java:498)
	at org.testng.internal.MethodInvocationHelper.invokeMethod(MethodInvocationHelper.java:104)
	at org.testng.internal.Invoker.invokeMethod(Invoker.java:645)
	at org.testng.internal.Invoker.invokeTestMethod(Invoker.java:851)
	at org.testng.internal.Invoker.invokeTestMethods(Invoker.java:1177)
	at org.testng.internal.TestMethodWorker.invokeTestMethods(TestMethodWorker.java:129)
	at org.testng.internal.TestMethodWorker.run(TestMethodWorker.java:112)
	at org.testng.TestRunner.privateRun(TestRunner.java:756)
	at org.testng.TestRunner.run(TestRunner.java:610)
	at org.testng.SuiteRunner.runTest(SuiteRunner.java:387)
	at org.testng.SuiteRunner.runSequentially(SuiteRunner.java:382)
	at org.testng.SuiteRunner.privateRun(SuiteRunner.java:340)
	at org.testng.SuiteRunner.run(SuiteRunner.java:289)
	at org.testng.SuiteRunnerWorker.runSuite(SuiteRunnerWorker.java:52)
	at org.testng.SuiteRunnerWorker.run(SuiteRunnerWorker.java:86)
	at org.testng.TestNG.runSuitesSequentially(TestNG.java:1293)
	at org.testng.TestNG.runSuitesLocally(TestNG.java:1218)
	at org.testng.TestNG.runSuites(TestNG.java:1133)
	at org.testng.TestNG.run(TestNG.java:1104)
	at org.testng.remote.AbstractRemoteTestNG.run(AbstractRemoteTestNG.java:132)
	at org.testng.remote.RemoteTestNG.initAndRun(RemoteTestNG.java:236)
	at org.testng.remote.RemoteTestNG.main(RemoteTestNG.java:81)
</pre></div></td>
<td>0</td>
<td>core.CreditCardValidationTest@1b4ae4e0</td></tr>
<tr>
<td title='core.CreditCardValidationTest.luhn_test()'><b>luhn_test</b><br>Test class: core.CreditCardValidationTest (4532-5471-0699-6)<br>Parameters: American Express, 37783 6551 9422 60, 04/17, 1234</td>
<td><div><pre>java.lang.AssertionError: 
Expected: is &lt;true&gt;
     but: was &lt;false&gt;
	at org.hamcrest.MatcherAssert.assertThat(MatcherAssert.java:20)
	at org.hamcrest.MatcherAssert.assertThat(MatcherAssert.java:8)
	at core.CreditCardValidationTest.luhn_test(CreditCardValidationTest.java:67)
	at sun.reflect.NativeMethodAccessorImpl.invoke0(Native Method)
	at sun.reflect.NativeMethodAccessorImpl.invoke(NativeMethodAccessorImpl.java:62)
	at sun.reflect.DelegatingMethodAccessorImpl.invoke(DelegatingMethodAccessorImpl.java:43)
	at java.lang.reflect.Method.invoke(Method.java:498)
	at org.testng.internal.MethodInvocationHelper.invokeMethod(MethodInvocationHelper.java:104)
	at org.testng.internal.Invoker.invokeMethod(Invoker.java:645)
	at org.testng.internal.Invoker.invokeTestMethod(Invoker.java:851)
	at org.testng.internal.Invoker.invokeTestMethods(Invoker.java:1177)
	at org.testng.internal.TestMethodWorker.invokeTestMethods(TestMethodWorker.java:129)
	at org.testng.internal.TestMethodWorker.run(TestMethodWorker.java:112)
	at org.testng.TestRunner.privateRun(TestRunner.java:756)
	at org.testng.TestRunner.run(TestRunner.java:610)
	at org.testng.SuiteRunner.runTest(SuiteRunner.java:387)
	at org.testng.SuiteRunner.runSequentially(SuiteRunner.java:382)
	at org.testng.SuiteRunner.privateRun(SuiteRunner.java:340)
	at org.testng.SuiteRunner.run(SuiteRunner.java:289)
	at org.testng.SuiteRunnerWorker.runSuite(SuiteRunnerWorker.java:52)
	at org.testng.SuiteRunnerWorker.run(SuiteRunnerWorker.java:86)
	at org.testng.TestNG.runSuitesSequentially(TestNG.java:1293)
	at org.testng.TestNG.runSuitesLocally(TestNG.java:1218)
	at org.testng.TestNG.runSuites(TestNG.java:1133)
	at org.testng.TestNG.run(TestNG.java:1104)
	at org.testng.remote.AbstractRemoteTestNG.run(AbstractRemoteTestNG.java:132)
	at org.testng.remote.RemoteTestNG.initAndRun(RemoteTestNG.java:236)
	at org.testng.remote.RemoteTestNG.main(RemoteTestNG.java:81)
</pre></div><a href='#' onClick='toggleBox("stack-trace1111249924", this, "Click to show all stack frames", "Click to hide stack frames")'>Click to show all stack frames</a>
<div class='stack-trace' id='stack-trace1111249924'><pre>java.lang.AssertionError: 
Expected: is &lt;true&gt;
     but: was &lt;false&gt;
	at org.hamcrest.MatcherAssert.assertThat(MatcherAssert.java:20)
	at org.hamcrest.MatcherAssert.assertThat(MatcherAssert.java:8)
	at core.CreditCardValidationTest.luhn_test(CreditCardValidationTest.java:67)
	at sun.reflect.NativeMethodAccessorImpl.invoke0(Native Method)
	at sun.reflect.NativeMethodAccessorImpl.invoke(NativeMethodAccessorImpl.java:62)
	at sun.reflect.DelegatingMethodAccessorImpl.invoke(DelegatingMethodAccessorImpl.java:43)
	at java.lang.reflect.Method.invoke(Method.java:498)
	at org.testng.internal.MethodInvocationHelper.invokeMethod(MethodInvocationHelper.java:104)
	at org.testng.internal.Invoker.invokeMethod(Invoker.java:645)
	at org.testng.internal.Invoker.invokeTestMethod(Invoker.java:851)
	at org.testng.internal.Invoker.invokeTestMethods(Invoker.java:1177)
	at org.testng.internal.TestMethodWorker.invokeTestMethods(TestMethodWorker.java:129)
	at org.testng.internal.TestMethodWorker.run(TestMethodWorker.java:112)
	at org.testng.TestRunner.privateRun(TestRunner.java:756)
	at org.testng.TestRunner.run(TestRunner.java:610)
	at org.testng.SuiteRunner.runTest(SuiteRunner.java:387)
	at org.testng.SuiteRunner.runSequentially(SuiteRunner.java:382)
	at org.testng.SuiteRunner.privateRun(SuiteRunner.java:340)
	at org.testng.SuiteRunner.run(SuiteRunner.java:289)
	at org.testng.SuiteRunnerWorker.runSuite(SuiteRunnerWorker.java:52)
	at org.testng.SuiteRunnerWorker.run(SuiteRunnerWorker.java:86)
	at org.testng.TestNG.runSuitesSequentially(TestNG.java:1293)
	at org.testng.TestNG.runSuitesLocally(TestNG.java:1218)
	at org.testng.TestNG.runSuites(TestNG.java:1133)
	at org.testng.TestNG.run(TestNG.java:1104)
	at org.testng.remote.AbstractRemoteTestNG.run(AbstractRemoteTestNG.java:132)
	at org.testng.remote.RemoteTestNG.initAndRun(RemoteTestNG.java:236)
	at org.testng.remote.RemoteTestNG.main(RemoteTestNG.java:81)
</pre></div></td>
<td>0</td>
<td>core.CreditCardValidationTest@1b4ae4e0</td></tr>
<tr>
<td title='core.CreditCardValidationTest.luhn_test()'><b>luhn_test</b><br>Test class: core.CreditCardValidationTest (4532-5471-0699-6)<br>Parameters: BLAH, 4532-5471-0699-4816-1234, 06/16, 1234</td>
<td><div><pre>java.lang.AssertionError: 
Expected: is &lt;true&gt;
     but: was &lt;false&gt;
	at org.hamcrest.MatcherAssert.assertThat(MatcherAssert.java:20)
	at org.hamcrest.MatcherAssert.assertThat(MatcherAssert.java:8)
	at core.CreditCardValidationTest.luhn_test(CreditCardValidationTest.java:67)
	at sun.reflect.NativeMethodAccessorImpl.invoke0(Native Method)
	at sun.reflect.NativeMethodAccessorImpl.invoke(NativeMethodAccessorImpl.java:62)
	at sun.reflect.DelegatingMethodAccessorImpl.invoke(DelegatingMethodAccessorImpl.java:43)
	at java.lang.reflect.Method.invoke(Method.java:498)
	at org.testng.internal.MethodInvocationHelper.invokeMethod(MethodInvocationHelper.java:104)
	at org.testng.internal.Invoker.invokeMethod(Invoker.java:645)
	at org.testng.internal.Invoker.invokeTestMethod(Invoker.java:851)
	at org.testng.internal.Invoker.invokeTestMethods(Invoker.java:1177)
	at org.testng.internal.TestMethodWorker.invokeTestMethods(TestMethodWorker.java:129)
	at org.testng.internal.TestMethodWorker.run(TestMethodWorker.java:112)
	at org.testng.TestRunner.privateRun(TestRunner.java:756)
	at org.testng.TestRunner.run(TestRunner.java:610)
	at org.testng.SuiteRunner.runTest(SuiteRunner.java:387)
	at org.testng.SuiteRunner.runSequentially(SuiteRunner.java:382)
	at org.testng.SuiteRunner.privateRun(SuiteRunner.java:340)
	at org.testng.SuiteRunner.run(SuiteRunner.java:289)
	at org.testng.SuiteRunnerWorker.runSuite(SuiteRunnerWorker.java:52)
	at org.testng.SuiteRunnerWorker.run(SuiteRunnerWorker.java:86)
	at org.testng.TestNG.runSuitesSequentially(TestNG.java:1293)
	at org.testng.TestNG.runSuitesLocally(TestNG.java:1218)
	at org.testng.TestNG.runSuites(TestNG.java:1133)
	at org.testng.TestNG.run(TestNG.java:1104)
	at org.testng.remote.AbstractRemoteTestNG.run(AbstractRemoteTestNG.java:132)
	at org.testng.remote.RemoteTestNG.initAndRun(RemoteTestNG.java:236)
	at org.testng.remote.RemoteTestNG.main(RemoteTestNG.java:81)
</pre></div><a href='#' onClick='toggleBox("stack-trace1510129635", this, "Click to show all stack frames", "Click to hide stack frames")'>Click to show all stack frames</a>
<div class='stack-trace' id='stack-trace1510129635'><pre>java.lang.AssertionError: 
Expected: is &lt;true&gt;
     but: was &lt;false&gt;
	at org.hamcrest.MatcherAssert.assertThat(MatcherAssert.java:20)
	at org.hamcrest.MatcherAssert.assertThat(MatcherAssert.java:8)
	at core.CreditCardValidationTest.luhn_test(CreditCardValidationTest.java:67)
	at sun.reflect.NativeMethodAccessorImpl.invoke0(Native Method)
	at sun.reflect.NativeMethodAccessorImpl.invoke(NativeMethodAccessorImpl.java:62)
	at sun.reflect.DelegatingMethodAccessorImpl.invoke(DelegatingMethodAccessorImpl.java:43)
	at java.lang.reflect.Method.invoke(Method.java:498)
	at org.testng.internal.MethodInvocationHelper.invokeMethod(MethodInvocationHelper.java:104)
	at org.testng.internal.Invoker.invokeMethod(Invoker.java:645)
	at org.testng.internal.Invoker.invokeTestMethod(Invoker.java:851)
	at org.testng.internal.Invoker.invokeTestMethods(Invoker.java:1177)
	at org.testng.internal.TestMethodWorker.invokeTestMethods(TestMethodWorker.java:129)
	at org.testng.internal.TestMethodWorker.run(TestMethodWorker.java:112)
	at org.testng.TestRunner.privateRun(TestRunner.java:756)
	at org.testng.TestRunner.run(TestRunner.java:610)
	at org.testng.SuiteRunner.runTest(SuiteRunner.java:387)
	at org.testng.SuiteRunner.runSequentially(SuiteRunner.java:382)
	at org.testng.SuiteRunner.privateRun(SuiteRunner.java:340)
	at org.testng.SuiteRunner.run(SuiteRunner.java:289)
	at org.testng.SuiteRunnerWorker.runSuite(SuiteRunnerWorker.java:52)
	at org.testng.SuiteRunnerWorker.run(SuiteRunnerWorker.java:86)
	at org.testng.TestNG.runSuitesSequentially(TestNG.java:1293)
	at org.testng.TestNG.runSuitesLocally(TestNG.java:1218)
	at org.testng.TestNG.runSuites(TestNG.java:1133)
	at org.testng.TestNG.run(TestNG.java:1104)
	at org.testng.remote.AbstractRemoteTestNG.run(AbstractRemoteTestNG.java:132)
	at org.testng.remote.RemoteTestNG.initAndRun(RemoteTestNG.java:236)
	at org.testng.remote.RemoteTestNG.main(RemoteTestNG.java:81)
</pre></div></td>
<td>0</td>
<td>core.CreditCardValidationTest@1b4ae4e0</td></tr>
<tr>
<td title='core.CreditCardValidationTest.luhn_test()'><b>luhn_test</b><br>Test class: core.CreditCardValidationTest (4532-5471-0699-6)<br>Parameters: American Express, 3778 3655 1942 239, 04/17, 1234</td>
<td><div><pre>java.lang.AssertionError: 
Expected: is &lt;true&gt;
     but: was &lt;false&gt;
	at org.hamcrest.MatcherAssert.assertThat(MatcherAssert.java:20)
	at org.hamcrest.MatcherAssert.assertThat(MatcherAssert.java:8)
	at core.CreditCardValidationTest.luhn_test(CreditCardValidationTest.java:67)
	at sun.reflect.NativeMethodAccessorImpl.invoke0(Native Method)
	at sun.reflect.NativeMethodAccessorImpl.invoke(NativeMethodAccessorImpl.java:62)
	at sun.reflect.DelegatingMethodAccessorImpl.invoke(DelegatingMethodAccessorImpl.java:43)
	at java.lang.reflect.Method.invoke(Method.java:498)
	at org.testng.internal.MethodInvocationHelper.invokeMethod(MethodInvocationHelper.java:104)
	at org.testng.internal.Invoker.invokeMethod(Invoker.java:645)
	at org.testng.internal.Invoker.invokeTestMethod(Invoker.java:851)
	at org.testng.internal.Invoker.invokeTestMethods(Invoker.java:1177)
	at org.testng.internal.TestMethodWorker.invokeTestMethods(TestMethodWorker.java:129)
	at org.testng.internal.TestMethodWorker.run(TestMethodWorker.java:112)
	at org.testng.TestRunner.privateRun(TestRunner.java:756)
	at org.testng.TestRunner.run(TestRunner.java:610)
	at org.testng.SuiteRunner.runTest(SuiteRunner.java:387)
	at org.testng.SuiteRunner.runSequentially(SuiteRunner.java:382)
	at org.testng.SuiteRunner.privateRun(SuiteRunner.java:340)
	at org.testng.SuiteRunner.run(SuiteRunner.java:289)
	at org.testng.SuiteRunnerWorker.runSuite(SuiteRunnerWorker.java:52)
	at org.testng.SuiteRunnerWorker.run(SuiteRunnerWorker.java:86)
	at org.testng.TestNG.runSuitesSequentially(TestNG.java:1293)
	at org.testng.TestNG.runSuitesLocally(TestNG.java:1218)
	at org.testng.TestNG.runSuites(TestNG.java:1133)
	at org.testng.TestNG.run(TestNG.java:1104)
	at org.testng.remote.AbstractRemoteTestNG.run(AbstractRemoteTestNG.java:132)
	at org.testng.remote.RemoteTestNG.initAndRun(RemoteTestNG.java:236)
	at org.testng.remote.RemoteTestNG.main(RemoteTestNG.java:81)
</pre></div><a href='#' onClick='toggleBox("stack-trace223696575", this, "Click to show all stack frames", "Click to hide stack frames")'>Click to show all stack frames</a>
<div class='stack-trace' id='stack-trace223696575'><pre>java.lang.AssertionError: 
Expected: is &lt;true&gt;
     but: was &lt;false&gt;
	at org.hamcrest.MatcherAssert.assertThat(MatcherAssert.java:20)
	at org.hamcrest.MatcherAssert.assertThat(MatcherAssert.java:8)
	at core.CreditCardValidationTest.luhn_test(CreditCardValidationTest.java:67)
	at sun.reflect.NativeMethodAccessorImpl.invoke0(Native Method)
	at sun.reflect.NativeMethodAccessorImpl.invoke(NativeMethodAccessorImpl.java:62)
	at sun.reflect.DelegatingMethodAccessorImpl.invoke(DelegatingMethodAccessorImpl.java:43)
	at java.lang.reflect.Method.invoke(Method.java:498)
	at org.testng.internal.MethodInvocationHelper.invokeMethod(MethodInvocationHelper.java:104)
	at org.testng.internal.Invoker.invokeMethod(Invoker.java:645)
	at org.testng.internal.Invoker.invokeTestMethod(Invoker.java:851)
	at org.testng.internal.Invoker.invokeTestMethods(Invoker.java:1177)
	at org.testng.internal.TestMethodWorker.invokeTestMethods(TestMethodWorker.java:129)
	at org.testng.internal.TestMethodWorker.run(TestMethodWorker.java:112)
	at org.testng.TestRunner.privateRun(TestRunner.java:756)
	at org.testng.TestRunner.run(TestRunner.java:610)
	at org.testng.SuiteRunner.runTest(SuiteRunner.java:387)
	at org.testng.SuiteRunner.runSequentially(SuiteRunner.java:382)
	at org.testng.SuiteRunner.privateRun(SuiteRunner.java:340)
	at org.testng.SuiteRunner.run(SuiteRunner.java:289)
	at org.testng.SuiteRunnerWorker.runSuite(SuiteRunnerWorker.java:52)
	at org.testng.SuiteRunnerWorker.run(SuiteRunnerWorker.java:86)
	at org.testng.TestNG.runSuitesSequentially(TestNG.java:1293)
	at org.testng.TestNG.runSuitesLocally(TestNG.java:1218)
	at org.testng.TestNG.runSuites(TestNG.java:1133)
	at org.testng.TestNG.run(TestNG.java:1104)
	at org.testng.remote.AbstractRemoteTestNG.run(AbstractRemoteTestNG.java:132)
	at org.testng.remote.RemoteTestNG.initAndRun(RemoteTestNG.java:236)
	at org.testng.remote.RemoteTestNG.main(RemoteTestNG.java:81)
</pre></div></td>
<td>0</td>
<td>core.CreditCardValidationTest@1b4ae4e0</td></tr>
<tr>
<td title='core.CreditCardValidationTest.luhn_test()'><b>luhn_test</b><br>Test class: core.CreditCardValidationTest (4532-5471-0699-6)<br>Parameters: VISA, 4532-5471-0699-6, 03/18, 123</td>
<td><div><pre>java.lang.AssertionError: 
Expected: is &lt;true&gt;
     but: was &lt;false&gt;
	at org.hamcrest.MatcherAssert.assertThat(MatcherAssert.java:20)
	at org.hamcrest.MatcherAssert.assertThat(MatcherAssert.java:8)
	at core.CreditCardValidationTest.luhn_test(CreditCardValidationTest.java:67)
	at sun.reflect.NativeMethodAccessorImpl.invoke0(Native Method)
	at sun.reflect.NativeMethodAccessorImpl.invoke(NativeMethodAccessorImpl.java:62)
	at sun.reflect.DelegatingMethodAccessorImpl.invoke(DelegatingMethodAccessorImpl.java:43)
	at java.lang.reflect.Method.invoke(Method.java:498)
	at org.testng.internal.MethodInvocationHelper.invokeMethod(MethodInvocationHelper.java:104)
	at org.testng.internal.Invoker.invokeMethod(Invoker.java:645)
	at org.testng.internal.Invoker.invokeTestMethod(Invoker.java:851)
	at org.testng.internal.Invoker.invokeTestMethods(Invoker.java:1177)
	at org.testng.internal.TestMethodWorker.invokeTestMethods(TestMethodWorker.java:129)
	at org.testng.internal.TestMethodWorker.run(TestMethodWorker.java:112)
	at org.testng.TestRunner.privateRun(TestRunner.java:756)
	at org.testng.TestRunner.run(TestRunner.java:610)
	at org.testng.SuiteRunner.runTest(SuiteRunner.java:387)
	at org.testng.SuiteRunner.runSequentially(SuiteRunner.java:382)
	at org.testng.SuiteRunner.privateRun(SuiteRunner.java:340)
	at org.testng.SuiteRunner.run(SuiteRunner.java:289)
	at org.testng.SuiteRunnerWorker.runSuite(SuiteRunnerWorker.java:52)
	at org.testng.SuiteRunnerWorker.run(SuiteRunnerWorker.java:86)
	at org.testng.TestNG.runSuitesSequentially(TestNG.java:1293)
	at org.testng.TestNG.runSuitesLocally(TestNG.java:1218)
	at org.testng.TestNG.runSuites(TestNG.java:1133)
	at org.testng.TestNG.run(TestNG.java:1104)
	at org.testng.remote.AbstractRemoteTestNG.run(AbstractRemoteTestNG.java:132)
	at org.testng.remote.RemoteTestNG.initAndRun(RemoteTestNG.java:236)
	at org.testng.remote.RemoteTestNG.main(RemoteTestNG.java:81)
</pre></div><a href='#' onClick='toggleBox("stack-trace448708339", this, "Click to show all stack frames", "Click to hide stack frames")'>Click to show all stack frames</a>
<div class='stack-trace' id='stack-trace448708339'><pre>java.lang.AssertionError: 
Expected: is &lt;true&gt;
     but: was &lt;false&gt;
	at org.hamcrest.MatcherAssert.assertThat(MatcherAssert.java:20)
	at org.hamcrest.MatcherAssert.assertThat(MatcherAssert.java:8)
	at core.CreditCardValidationTest.luhn_test(CreditCardValidationTest.java:67)
	at sun.reflect.NativeMethodAccessorImpl.invoke0(Native Method)
	at sun.reflect.NativeMethodAccessorImpl.invoke(NativeMethodAccessorImpl.java:62)
	at sun.reflect.DelegatingMethodAccessorImpl.invoke(DelegatingMethodAccessorImpl.java:43)
	at java.lang.reflect.Method.invoke(Method.java:498)
	at org.testng.internal.MethodInvocationHelper.invokeMethod(MethodInvocationHelper.java:104)
	at org.testng.internal.Invoker.invokeMethod(Invoker.java:645)
	at org.testng.internal.Invoker.invokeTestMethod(Invoker.java:851)
	at org.testng.internal.Invoker.invokeTestMethods(Invoker.java:1177)
	at org.testng.internal.TestMethodWorker.invokeTestMethods(TestMethodWorker.java:129)
	at org.testng.internal.TestMethodWorker.run(TestMethodWorker.java:112)
	at org.testng.TestRunner.privateRun(TestRunner.java:756)
	at org.testng.TestRunner.run(TestRunner.java:610)
	at org.testng.SuiteRunner.runTest(SuiteRunner.java:387)
	at org.testng.SuiteRunner.runSequentially(SuiteRunner.java:382)
	at org.testng.SuiteRunner.privateRun(SuiteRunner.java:340)
	at org.testng.SuiteRunner.run(SuiteRunner.java:289)
	at org.testng.SuiteRunnerWorker.runSuite(SuiteRunnerWorker.java:52)
	at org.testng.SuiteRunnerWorker.run(SuiteRunnerWorker.java:86)
	at org.testng.TestNG.runSuitesSequentially(TestNG.java:1293)
	at org.testng.TestNG.runSuitesLocally(TestNG.java:1218)
	at org.testng.TestNG.runSuites(TestNG.java:1133)
	at org.testng.TestNG.run(TestNG.java:1104)
	at org.testng.remote.AbstractRemoteTestNG.run(AbstractRemoteTestNG.java:132)
	at org.testng.remote.RemoteTestNG.initAndRun(RemoteTestNG.java:236)
	at org.testng.remote.RemoteTestNG.main(RemoteTestNG.java:81)
</pre></div></td>
<td>0</td>
<td>core.CreditCardValidationTest@1b4ae4e0</td></tr>
</table><p>
<table width='100%' border='1' class='invocation-passed'>
<tr><td colspan='4' align='center'><b>PASSED TESTS</b></td></tr>
<tr><td><b>Test method</b></td>
<td width="30%"><b>Exception</b></td>
<td width="10%"><b>Time (seconds)</b></td>
<td><b>Instance</b></td>
</tr>
<tr>
<td title='core.CreditCardValidationTest.card_cvv_test()'><b>card_cvv_test</b><br>Test class: core.CreditCardValidationTest (4532-5471-0699-6)<br>Parameters: VISA, 4532-5471-0699-4816, 03/18, 123</td>
<td></td>
<td>0</td>
<td>core.CreditCardValidationTest@1b4ae4e0</td></tr>
<tr>
<td title='core.CreditCardValidationTest.card_cvv_test()'><b>card_cvv_test</b><br>Test class: core.CreditCardValidationTest (4532-5471-0699-6)<br>Parameters: MasterCard, 5584398929973080, 09/19, 123</td>
<td></td>
<td>0</td>
<td>core.CreditCardValidationTest@1b4ae4e0</td></tr>
<tr>
<td title='core.CreditCardValidationTest.card_cvv_test()'><b>card_cvv_test</b><br>Test class: core.CreditCardValidationTest (4532-5471-0699-6)<br>Parameters: Discover, 6011 9333 0267 9614 1, 02/18, 123</td>
<td></td>
<td>0</td>
<td>core.CreditCardValidationTest@1b4ae4e0</td></tr>
<tr>
<td title='core.CreditCardValidationTest.card_cvv_test()'><b>card_cvv_test</b><br>Test class: core.CreditCardValidationTest (4532-5471-0699-6)<br>Parameters: American Express, 37783 6551 9422 60, 04/17, 1234</td>
<td></td>
<td>0</td>
<td>core.CreditCardValidationTest@1b4ae4e0</td></tr>
<tr>
<td title='core.CreditCardValidationTest.card_cvv_test()'><b>card_cvv_test</b><br>Test class: core.CreditCardValidationTest (4532-5471-0699-6)<br>Parameters: Discover, 6011 9333 0267 9614, 02/18, 123</td>
<td></td>
<td>0</td>
<td>core.CreditCardValidationTest@1b4ae4e0</td></tr>
<tr>
<td title='core.CreditCardValidationTest.card_cvv_test()'><b>card_cvv_test</b><br>Test class: core.CreditCardValidationTest (4532-5471-0699-6)<br>Parameters: American Express, 3778 3655 1942 239, 04/17, 1234</td>
<td></td>
<td>0</td>
<td>core.CreditCardValidationTest@1b4ae4e0</td></tr>
<tr>
<td title='core.CreditCardValidationTest.card_cvv_test()'><b>card_cvv_test</b><br>Test class: core.CreditCardValidationTest (4532-5471-0699-6)<br>Parameters: MasterCard, 5584 3989 2997 3080, 09/19, 123</td>
<td></td>
<td>0</td>
<td>core.CreditCardValidationTest@1b4ae4e0</td></tr>
<tr>
<td title='core.CreditCardValidationTest.card_cvv_test()'><b>card_cvv_test</b><br>Test class: core.CreditCardValidationTest (4532-5471-0699-6)<br>Parameters: VISA, 4532-5471-0699-6, 03/18, 123</td>
<td></td>
<td>0</td>
<td>core.CreditCardValidationTest@1b4ae4e0</td></tr>
<tr>
<td title='core.CreditCardValidationTest.card_exp_format_test()'><b>card_exp_format_test</b><br>Test class: core.CreditCardValidationTest (4532-5471-0699-6)<br>Parameters: VISA, 4532-5471-0699-4816, 03/18, 123</td>
<td></td>
<td>0</td>
<td>core.CreditCardValidationTest@1b4ae4e0</td></tr>
<tr>
<td title='core.CreditCardValidationTest.card_exp_format_test()'><b>card_exp_format_test</b><br>Test class: core.CreditCardValidationTest (4532-5471-0699-6)<br>Parameters: MasterCard, 5584398929973080, 09/19, 123</td>
<td></td>
<td>0</td>
<td>core.CreditCardValidationTest@1b4ae4e0</td></tr>
<tr>
<td title='core.CreditCardValidationTest.card_exp_format_test()'><b>card_exp_format_test</b><br>Test class: core.CreditCardValidationTest (4532-5471-0699-6)<br>Parameters: Discover, 6011 9333 0267 9614 1, 02/18, 123</td>
<td></td>
<td>0</td>
<td>core.CreditCardValidationTest@1b4ae4e0</td></tr>
<tr>
<td title='core.CreditCardValidationTest.card_exp_format_test()'><b>card_exp_format_test</b><br>Test class: core.CreditCardValidationTest (4532-5471-0699-6)<br>Parameters: American Express, 37783 6551 9422 60, 04/17, 1234</td>
<td></td>
<td>0</td>
<td>core.CreditCardValidationTest@1b4ae4e0</td></tr>
<tr>
<td title='core.CreditCardValidationTest.card_exp_format_test()'><b>card_exp_format_test</b><br>Test class: core.CreditCardValidationTest (4532-5471-0699-6)<br>Parameters: BLAH, 4532-5471-0699-4816-1234, 06/16, 1234</td>
<td></td>
<td>0</td>
<td>core.CreditCardValidationTest@1b4ae4e0</td></tr>
<tr>
<td title='core.CreditCardValidationTest.card_exp_format_test()'><b>card_exp_format_test</b><br>Test class: core.CreditCardValidationTest (4532-5471-0699-6)<br>Parameters: Discover, 6011 9333 0267 9614, 02/18, 123</td>
<td></td>
<td>0</td>
<td>core.CreditCardValidationTest@1b4ae4e0</td></tr>
<tr>
<td title='core.CreditCardValidationTest.card_exp_format_test()'><b>card_exp_format_test</b><br>Test class: core.CreditCardValidationTest (4532-5471-0699-6)<br>Parameters: American Express, 3778 3655 1942 239, 04/17, 1234</td>
<td></td>
<td>0</td>
<td>core.CreditCardValidationTest@1b4ae4e0</td></tr>
<tr>
<td title='core.CreditCardValidationTest.card_exp_format_test()'><b>card_exp_format_test</b><br>Test class: core.CreditCardValidationTest (4532-5471-0699-6)<br>Parameters: MasterCard, 5584 3989 2997 3080, 09/19, 123</td>
<td></td>
<td>0</td>
<td>core.CreditCardValidationTest@1b4ae4e0</td></tr>
<tr>
<td title='core.CreditCardValidationTest.card_exp_format_test()'><b>card_exp_format_test</b><br>Test class: core.CreditCardValidationTest (4532-5471-0699-6)<br>Parameters: VISA, 4532-5471-0699-6, 03/18, 123</td>
<td></td>
<td>0</td>
<td>core.CreditCardValidationTest@1b4ae4e0</td></tr>
<tr>
<td title='core.CreditCardValidationTest.card_exp_test()'><b>card_exp_test</b><br>Test class: core.CreditCardValidationTest (4532-5471-0699-6)<br>Parameters: VISA, 4532-5471-0699-4816, 03/18, 123</td>
<td></td>
<td>0</td>
<td>core.CreditCardValidationTest@1b4ae4e0</td></tr>
<tr>
<td title='core.CreditCardValidationTest.card_exp_test()'><b>card_exp_test</b><br>Test class: core.CreditCardValidationTest (4532-5471-0699-6)<br>Parameters: MasterCard, 5584398929973080, 09/19, 123</td>
<td></td>
<td>0</td>
<td>core.CreditCardValidationTest@1b4ae4e0</td></tr>
<tr>
<td title='core.CreditCardValidationTest.card_exp_test()'><b>card_exp_test</b><br>Test class: core.CreditCardValidationTest (4532-5471-0699-6)<br>Parameters: Discover, 6011 9333 0267 9614 1, 02/18, 123</td>
<td></td>
<td>0</td>
<td>core.CreditCardValidationTest@1b4ae4e0</td></tr>
<tr>
<td title='core.CreditCardValidationTest.card_exp_test()'><b>card_exp_test</b><br>Test class: core.CreditCardValidationTest (4532-5471-0699-6)<br>Parameters: American Express, 37783 6551 9422 60, 04/17, 1234</td>
<td></td>
<td>0</td>
<td>core.CreditCardValidationTest@1b4ae4e0</td></tr>
<tr>
<td title='core.CreditCardValidationTest.card_exp_test()'><b>card_exp_test</b><br>Test class: core.CreditCardValidationTest (4532-5471-0699-6)<br>Parameters: Discover, 6011 9333 0267 9614, 02/18, 123</td>
<td></td>
<td>0</td>
<td>core.CreditCardValidationTest@1b4ae4e0</td></tr>
<tr>
<td title='core.CreditCardValidationTest.card_exp_test()'><b>card_exp_test</b><br>Test class: core.CreditCardValidationTest (4532-5471-0699-6)<br>Parameters: American Express, 3778 3655 1942 239, 04/17, 1234</td>
<td></td>
<td>0</td>
<td>core.CreditCardValidationTest@1b4ae4e0</td></tr>
<tr>
<td title='core.CreditCardValidationTest.card_exp_test()'><b>card_exp_test</b><br>Test class: core.CreditCardValidationTest (4532-5471-0699-6)<br>Parameters: MasterCard, 5584 3989 2997 3080, 09/19, 123</td>
<td></td>
<td>0</td>
<td>core.CreditCardValidationTest@1b4ae4e0</td></tr>
<tr>
<td title='core.CreditCardValidationTest.card_exp_test()'><b>card_exp_test</b><br>Test class: core.CreditCardValidationTest (4532-5471-0699-6)<br>Parameters: VISA, 4532-5471-0699-6, 03/18, 123</td>
<td></td>
<td>0</td>
<td>core.CreditCardValidationTest@1b4ae4e0</td></tr>
<tr>
<td title='core.CreditCardValidationTest.card_number_length_test()'><b>card_number_length_test</b><br>Test class: core.CreditCardValidationTest (4532-5471-0699-6)<br>Parameters: VISA, 4532-5471-0699-4816, 03/18, 123</td>
<td></td>
<td>0</td>
<td>core.CreditCardValidationTest@1b4ae4e0</td></tr>
<tr>
<td title='core.CreditCardValidationTest.card_number_length_test()'><b>card_number_length_test</b><br>Test class: core.CreditCardValidationTest (4532-5471-0699-6)<br>Parameters: MasterCard, 5584398929973080, 09/19, 123</td>
<td></td>
<td>0</td>
<td>core.CreditCardValidationTest@1b4ae4e0</td></tr>
<tr>
<td title='core.CreditCardValidationTest.card_number_length_test()'><b>card_number_length_test</b><br>Test class: core.CreditCardValidationTest (4532-5471-0699-6)<br>Parameters: American Express, 37783 6551 9422 60, 04/17, 1234</td>
<td></td>
<td>0</td>
<td>core.CreditCardValidationTest@1b4ae4e0</td></tr>
<tr>
<td title='core.CreditCardValidationTest.card_number_length_test()'><b>card_number_length_test</b><br>Test class: core.CreditCardValidationTest (4532-5471-0699-6)<br>Parameters: Discover, 6011 9333 0267 9614, 02/18, 123</td>
<td></td>
<td>0</td>
<td>core.CreditCardValidationTest@1b4ae4e0</td></tr>
<tr>
<td title='core.CreditCardValidationTest.card_number_length_test()'><b>card_number_length_test</b><br>Test class: core.CreditCardValidationTest (4532-5471-0699-6)<br>Parameters: American Express, 3778 3655 1942 239, 04/17, 1234</td>
<td></td>
<td>0</td>
<td>core.CreditCardValidationTest@1b4ae4e0</td></tr>
<tr>
<td title='core.CreditCardValidationTest.card_number_length_test()'><b>card_number_length_test</b><br>Test class: core.CreditCardValidationTest (4532-5471-0699-6)<br>Parameters: MasterCard, 5584 3989 2997 3080, 09/19, 123</td>
<td></td>
<td>0</td>
<td>core.CreditCardValidationTest@1b4ae4e0</td></tr>
<tr>
<td title='core.CreditCardValidationTest.card_number_length_test()'><b>card_number_length_test</b><br>Test class: core.CreditCardValidationTest (4532-5471-0699-6)<br>Parameters: VISA, 4532-5471-0699-6, 03/18, 123</td>
<td></td>
<td>0</td>
<td>core.CreditCardValidationTest@1b4ae4e0</td></tr>
<tr>
<td title='core.CreditCardValidationTest.card_type_test()'><b>card_type_test</b><br>Test class: core.CreditCardValidationTest (4532-5471-0699-6)<br>Parameters: VISA, 4532-5471-0699-4816, 03/18, 123</td>
<td></td>
<td>0</td>
<td>core.CreditCardValidationTest@1b4ae4e0</td></tr>
<tr>
<td title='core.CreditCardValidationTest.card_type_test()'><b>card_type_test</b><br>Test class: core.CreditCardValidationTest (4532-5471-0699-6)<br>Parameters: MasterCard, 5584398929973080, 09/19, 123</td>
<td></td>
<td>0</td>
<td>core.CreditCardValidationTest@1b4ae4e0</td></tr>
<tr>
<td title='core.CreditCardValidationTest.card_type_test()'><b>card_type_test</b><br>Test class: core.CreditCardValidationTest (4532-5471-0699-6)<br>Parameters: American Express, 37783 6551 9422 60, 04/17, 1234</td>
<td></td>
<td>0</td>
<td>core.CreditCardValidationTest@1b4ae4e0</td></tr>
<tr>
<td title='core.CreditCardValidationTest.card_type_test()'><b>card_type_test</b><br>Test class: core.CreditCardValidationTest (4532-5471-0699-6)<br>Parameters: Discover, 6011 9333 0267 9614, 02/18, 123</td>
<td></td>
<td>0</td>
<td>core.CreditCardValidationTest@1b4ae4e0</td></tr>
<tr>
<td title='core.CreditCardValidationTest.card_type_test()'><b>card_type_test</b><br>Test class: core.CreditCardValidationTest (4532-5471-0699-6)<br>Parameters: American Express, 3778 3655 1942 239, 04/17, 1234</td>
<td></td>
<td>0</td>
<td>core.CreditCardValidationTest@1b4ae4e0</td></tr>
<tr>
<td title='core.CreditCardValidationTest.card_type_test()'><b>card_type_test</b><br>Test class: core.CreditCardValidationTest (4532-5471-0699-6)<br>Parameters: MasterCard, 5584 3989 2997 3080, 09/19, 123</td>
<td></td>
<td>0</td>
<td>core.CreditCardValidationTest@1b4ae4e0</td></tr>
<tr>
<td title='core.CreditCardValidationTest.card_type_test()'><b>card_type_test</b><br>Test class: core.CreditCardValidationTest (4532-5471-0699-6)<br>Parameters: VISA, 4532-5471-0699-6, 03/18, 123</td>
<td></td>
<td>0</td>
<td>core.CreditCardValidationTest@1b4ae4e0</td></tr>
<tr>
<td title='core.CreditCardValidationTest.luhn_test()'><b>luhn_test</b><br>Test class: core.CreditCardValidationTest (4532-5471-0699-6)<br>Parameters: VISA, 4532-5471-0699-4816, 03/18, 123</td>
<td></td>
<td>0</td>
<td>core.CreditCardValidationTest@1b4ae4e0</td></tr>
<tr>
<td title='core.CreditCardValidationTest.luhn_test()'><b>luhn_test</b><br>Test class: core.CreditCardValidationTest (4532-5471-0699-6)<br>Parameters: MasterCard, 5584398929973080, 09/19, 123</td>
<td></td>
<td>0</td>
<td>core.CreditCardValidationTest@1b4ae4e0</td></tr>
<tr>
<td title='core.CreditCardValidationTest.luhn_test()'><b>luhn_test</b><br>Test class: core.CreditCardValidationTest (4532-5471-0699-6)<br>Parameters: Discover, 6011 9333 0267 9614 1, 02/18, 123</td>
<td></td>
<td>0</td>
<td>core.CreditCardValidationTest@1b4ae4e0</td></tr>
<tr>
<td title='core.CreditCardValidationTest.luhn_test()'><b>luhn_test</b><br>Test class: core.CreditCardValidationTest (4532-5471-0699-6)<br>Parameters: Discover, 6011 9333 0267 9614, 02/18, 123</td>
<td></td>
<td>0</td>
<td>core.CreditCardValidationTest@1b4ae4e0</td></tr>
<tr>
<td title='core.CreditCardValidationTest.luhn_test()'><b>luhn_test</b><br>Test class: core.CreditCardValidationTest (4532-5471-0699-6)<br>Parameters: MasterCard, 5584 3989 2997 3080, 09/19, 123</td>
<td></td>
<td>0</td>
<td>core.CreditCardValidationTest@1b4ae4e0</td></tr>
</table><p>
</body>
</html>