<!DOCTYPE html>

<html>
  <head>
  <meta charset='utf-8'>
  <title>TestNG reports</title>

    <link type="text/css" href="testng-reports.css" rel="stylesheet" />  
    <script type="text/javascript" src="jquery-1.7.1.min.js"></script>
    <script type="text/javascript" src="testng-reports.js"></script>
    <script type="text/javascript" src="https://www.google.com/jsapi"></script>
    <script type='text/javascript'>
      google.load('visualization', '1', {packages:['table']});
      google.setOnLoadCallback(drawTable);
      var suiteTableInitFunctions = new Array();
      var suiteTableData = new Array();
    </script>
    <!--
      <script type="text/javascript" src="jquery-ui/js/jquery-ui-1.8.16.custom.min.js"></script>
     -->
  </head>

  <body>
    <div class="top-banner-root">
      <span class="top-banner-title-font">Test results</span>
      <br/>
      <span class="top-banner-font-1">1 suite, 8 failed tests</span>
    </div> <!-- top-banner-root -->
    <div class="navigator-root">
      <div class="navigator-suite-header">
        <span>All suites</span>
        <a href="#" class="collapse-all-link" title="Collapse/expand all the suites">
          <img class="collapse-all-icon" src="collapseall.gif">
          </img> <!-- collapse-all-icon -->
        </a> <!-- collapse-all-link -->
      </div> <!-- navigator-suite-header -->
      <div class="suite">
        <div class="rounded-window">
          <div class="suite-header light-rounded-window-top">
            <a href="#" class="navigator-link" panel-name="suite-Default_suite">
              <span class="suite-name border-failed">Default suite</span>
            </a> <!-- navigator-link -->
          </div> <!-- suite-header light-rounded-window-top -->
          <div class="navigator-suite-content">
            <div class="suite-section-title">
              <span>Info</span>
            </div> <!-- suite-section-title -->
            <div class="suite-section-content">
              <ul>
                <li>
                  <a href="#" class="navigator-link " panel-name="test-xml-Default_suite">
                    <span>C:\Users\Dmitry\AppData\Local\Temp\testng-eclipse--2110375875\testng-customsuite.xml</span>
                  </a> <!-- navigator-link  -->
                </li>
                <li>
                  <a href="#" class="navigator-link " panel-name="testlist-Default_suite">
                    <span class="test-stats">1 test</span>
                  </a> <!-- navigator-link  -->
                </li>
                <li>
                  <a href="#" class="navigator-link " panel-name="group-Default_suite">
                    <span>6 groups</span>
                  </a> <!-- navigator-link  -->
                </li>
                <li>
                  <a href="#" class="navigator-link " panel-name="times-Default_suite">
                    <span>Times</span>
                  </a> <!-- navigator-link  -->
                </li>
                <li>
                  <a href="#" class="navigator-link " panel-name="reporter-Default_suite">
                    <span>Reporter output</span>
                  </a> <!-- navigator-link  -->
                </li>
                <li>
                  <a href="#" class="navigator-link " panel-name="ignored-methods-Default_suite">
                    <span>Ignored methods</span>
                  </a> <!-- navigator-link  -->
                </li>
                <li>
                  <a href="#" class="navigator-link " panel-name="chronological-Default_suite">
                    <span>Chronological view</span>
                  </a> <!-- navigator-link  -->
                </li>
              </ul>
            </div> <!-- suite-section-content -->
            <div class="result-section">
              <div class="suite-section-title">
                <span>Results</span>
              </div> <!-- suite-section-title -->
              <div class="suite-section-content">
                <ul>
                  <li>
                    <span class="method-stats">30 methods, 8 failed,   22 passed</span>
                  </li>
                  <li>
                    <span class="method-list-title failed">Failed methods</span>
                    <span class="show-or-hide-methods failed">
                      <a href="#" panel-name="suite-Default_suite" class="hide-methods failed suite-Default_suite"> (hide)</a> <!-- hide-methods failed suite-Default_suite -->
                      <a href="#" panel-name="suite-Default_suite" class="show-methods failed suite-Default_suite"> (show)</a> <!-- show-methods failed suite-Default_suite -->
                    </span>
                    <div class="method-list-content failed suite-Default_suite">
                      <span>
                        <img width="3%" src="failed.png"/>
                        <a href="#" class="method navigator-link" panel-name="suite-Default_suite" title="core.CreditCardValidationTest" hash-for-method="card_cvv_test(BLAH, 4532-5471-0699-4816-1234, 06/16, 1234)">card_cvv_test(BLAH, 4532-5471-0699-4816-1234, 06/16, 1234)</a> <!-- method navigator-link -->
                      </span>
                      <br/>
                      <span>
                        <img width="3%" src="failed.png"/>
                        <a href="#" class="method navigator-link" panel-name="suite-Default_suite" title="core.CreditCardValidationTest" hash-for-method="card_exp_test(BLAH, 4532-5471-0699-4816-1234, 06/16, 1234)">card_exp_test(BLAH, 4532-5471-0699-4816-1234, 06/16, 1234)</a> <!-- method navigator-link -->
                      </span>
                      <br/>
                      <span>
                        <img width="3%" src="failed.png"/>
                        <a href="#" class="method navigator-link" panel-name="suite-Default_suite" title="core.CreditCardValidationTest" hash-for-method="card_number_length_test(Discover, 60119333026796141, 02/18, 123)">card_number_length_test(Discover, 60119333026796141, 02/18, 123)</a> <!-- method navigator-link -->
                      </span>
                      <br/>
                      <span>
                        <img width="3%" src="failed.png"/>
                        <a href="#" class="method navigator-link" panel-name="suite-Default_suite" title="core.CreditCardValidationTest" hash-for-method="card_number_length_test(BLAH, 4532-5471-0699-4816-1234, 06/16, 1234)">card_number_length_test(BLAH, 4532-5471-0699-4816-1234, 06/16, 1234)</a> <!-- method navigator-link -->
                      </span>
                      <br/>
                      <span>
                        <img width="3%" src="failed.png"/>
                        <a href="#" class="method navigator-link" panel-name="suite-Default_suite" title="core.CreditCardValidationTest" hash-for-method="card_type_test(Discover, 60119333026796141, 02/18, 123)">card_type_test(Discover, 60119333026796141, 02/18, 123)</a> <!-- method navigator-link -->
                      </span>
                      <br/>
                      <span>
                        <img width="3%" src="failed.png"/>
                        <a href="#" class="method navigator-link" panel-name="suite-Default_suite" title="core.CreditCardValidationTest" hash-for-method="card_type_test(BLAH, 4532-5471-0699-4816-1234, 06/16, 1234)">card_type_test(BLAH, 4532-5471-0699-4816-1234, 06/16, 1234)</a> <!-- method navigator-link -->
                      </span>
                      <br/>
                      <span>
                        <img width="3%" src="failed.png"/>
                        <a href="#" class="method navigator-link" panel-name="suite-Default_suite" title="core.CreditCardValidationTest" hash-for-method="luhn_test(BLAH, 4532-5471-0699-4816-1234, 06/16, 1234)">luhn_test(BLAH, 4532-5471-0699-4816-1234, 06/16, 1234)</a> <!-- method navigator-link -->
                      </span>
                      <br/>
                      <span>
                        <img width="3%" src="failed.png"/>
                        <a href="#" class="method navigator-link" panel-name="suite-Default_suite" title="core.CreditCardValidationTest" hash-for-method="luhn_test(American Express, 377836551942260, 04/17, 1234)">luhn_test(American Express, 377836551942260, 04/17, 1234)</a> <!-- method navigator-link -->
                      </span>
                      <br/>
                    </div> <!-- method-list-content failed suite-Default_suite -->
                  </li>
                  <li>
                    <span class="method-list-title passed">Passed methods</span>
                    <span class="show-or-hide-methods passed">
                      <a href="#" panel-name="suite-Default_suite" class="hide-methods passed suite-Default_suite"> (hide)</a> <!-- hide-methods passed suite-Default_suite -->
                      <a href="#" panel-name="suite-Default_suite" class="show-methods passed suite-Default_suite"> (show)</a> <!-- show-methods passed suite-Default_suite -->
                    </span>
                    <div class="method-list-content passed suite-Default_suite">
                      <span>
                        <img width="3%" src="passed.png"/>
                        <a href="#" class="method navigator-link" panel-name="suite-Default_suite" title="core.CreditCardValidationTest" hash-for-method="card_cvv_test(American Express, 377836551942260, 04/17, 1234)">card_cvv_test(American Express, 377836551942260, 04/17, 1234)</a> <!-- method navigator-link -->
                      </span>
                      <br/>
                      <span>
                        <img width="3%" src="passed.png"/>
                        <a href="#" class="method navigator-link" panel-name="suite-Default_suite" title="core.CreditCardValidationTest" hash-for-method="card_cvv_test(Discover, 60119333026796141, 02/18, 123)">card_cvv_test(Discover, 60119333026796141, 02/18, 123)</a> <!-- method navigator-link -->
                      </span>
                      <br/>
                      <span>
                        <img width="3%" src="passed.png"/>
                        <a href="#" class="method navigator-link" panel-name="suite-Default_suite" title="core.CreditCardValidationTest" hash-for-method="card_cvv_test(VISA, 4532-5471-0699-4816, 03/18, 123)">card_cvv_test(VISA, 4532-5471-0699-4816, 03/18, 123)</a> <!-- method navigator-link -->
                      </span>
                      <br/>
                      <span>
                        <img width="3%" src="passed.png"/>
                        <a href="#" class="method navigator-link" panel-name="suite-Default_suite" title="core.CreditCardValidationTest" hash-for-method="card_cvv_test(MasterCard, 5584398929973080, 09/19, 123)">card_cvv_test(MasterCard, 5584398929973080, 09/19, 123)</a> <!-- method navigator-link -->
                      </span>
                      <br/>
                      <span>
                        <img width="3%" src="passed.png"/>
                        <a href="#" class="method navigator-link" panel-name="suite-Default_suite" title="core.CreditCardValidationTest" hash-for-method="card_exp_format_test(BLAH, 4532-5471-0699-4816-1234, 06/16, 1234)">card_exp_format_test(BLAH, 4532-5471-0699-4816-1234, 06/16, 1234)</a> <!-- method navigator-link -->
                      </span>
                      <br/>
                      <span>
                        <img width="3%" src="passed.png"/>
                        <a href="#" class="method navigator-link" panel-name="suite-Default_suite" title="core.CreditCardValidationTest" hash-for-method="card_exp_format_test(MasterCard, 5584398929973080, 09/19, 123)">card_exp_format_test(MasterCard, 5584398929973080, 09/19, 123)</a> <!-- method navigator-link -->
                      </span>
                      <br/>
                      <span>
                        <img width="3%" src="passed.png"/>
                        <a href="#" class="method navigator-link" panel-name="suite-Default_suite" title="core.CreditCardValidationTest" hash-for-method="card_exp_format_test(American Express, 377836551942260, 04/17, 1234)">card_exp_format_test(American Express, 377836551942260, 04/17, 1234)</a> <!-- method navigator-link -->
                      </span>
                      <br/>
                      <span>
                        <img width="3%" src="passed.png"/>
                        <a href="#" class="method navigator-link" panel-name="suite-Default_suite" title="core.CreditCardValidationTest" hash-for-method="card_exp_format_test(Discover, 60119333026796141, 02/18, 123)">card_exp_format_test(Discover, 60119333026796141, 02/18, 123)</a> <!-- method navigator-link -->
                      </span>
                      <br/>
                      <span>
                        <img width="3%" src="passed.png"/>
                        <a href="#" class="method navigator-link" panel-name="suite-Default_suite" title="core.CreditCardValidationTest" hash-for-method="card_exp_format_test(VISA, 4532-5471-0699-4816, 03/18, 123)">card_exp_format_test(VISA, 4532-5471-0699-4816, 03/18, 123)</a> <!-- method navigator-link -->
                      </span>
                      <br/>
                      <span>
                        <img width="3%" src="passed.png"/>
                        <a href="#" class="method navigator-link" panel-name="suite-Default_suite" title="core.CreditCardValidationTest" hash-for-method="card_exp_test(American Express, 377836551942260, 04/17, 1234)">card_exp_test(American Express, 377836551942260, 04/17, 1234)</a> <!-- method navigator-link -->
                      </span>
                      <br/>
                      <span>
                        <img width="3%" src="passed.png"/>
                        <a href="#" class="method navigator-link" panel-name="suite-Default_suite" title="core.CreditCardValidationTest" hash-for-method="card_exp_test(MasterCard, 5584398929973080, 09/19, 123)">card_exp_test(MasterCard, 5584398929973080, 09/19, 123)</a> <!-- method navigator-link -->
                      </span>
                      <br/>
                      <span>
                        <img width="3%" src="passed.png"/>
                        <a href="#" class="method navigator-link" panel-name="suite-Default_suite" title="core.CreditCardValidationTest" hash-for-method="card_exp_test(VISA, 4532-5471-0699-4816, 03/18, 123)">card_exp_test(VISA, 4532-5471-0699-4816, 03/18, 123)</a> <!-- method navigator-link -->
                      </span>
                      <br/>
                      <span>
                        <img width="3%" src="passed.png"/>
                        <a href="#" class="method navigator-link" panel-name="suite-Default_suite" title="core.CreditCardValidationTest" hash-for-method="card_exp_test(Discover, 60119333026796141, 02/18, 123)">card_exp_test(Discover, 60119333026796141, 02/18, 123)</a> <!-- method navigator-link -->
                      </span>
                      <br/>
                      <span>
                        <img width="3%" src="passed.png"/>
                        <a href="#" class="method navigator-link" panel-name="suite-Default_suite" title="core.CreditCardValidationTest" hash-for-method="card_number_length_test(MasterCard, 5584398929973080, 09/19, 123)">card_number_length_test(MasterCard, 5584398929973080, 09/19, 123)</a> <!-- method navigator-link -->
                      </span>
                      <br/>
                      <span>
                        <img width="3%" src="passed.png"/>
                        <a href="#" class="method navigator-link" panel-name="suite-Default_suite" title="core.CreditCardValidationTest" hash-for-method="card_number_length_test(American Express, 377836551942260, 04/17, 1234)">card_number_length_test(American Express, 377836551942260, 04/17, 1234)</a> <!-- method navigator-link -->
                      </span>
                      <br/>
                      <span>
                        <img width="3%" src="passed.png"/>
                        <a href="#" class="method navigator-link" panel-name="suite-Default_suite" title="core.CreditCardValidationTest" hash-for-method="card_number_length_test(VISA, 4532-5471-0699-4816, 03/18, 123)">card_number_length_test(VISA, 4532-5471-0699-4816, 03/18, 123)</a> <!-- method navigator-link -->
                      </span>
                      <br/>
                      <span>
                        <img width="3%" src="passed.png"/>
                        <a href="#" class="method navigator-link" panel-name="suite-Default_suite" title="core.CreditCardValidationTest" hash-for-method="card_type_test(MasterCard, 5584398929973080, 09/19, 123)">card_type_test(MasterCard, 5584398929973080, 09/19, 123)</a> <!-- method navigator-link -->
                      </span>
                      <br/>
                      <span>
                        <img width="3%" src="passed.png"/>
                        <a href="#" class="method navigator-link" panel-name="suite-Default_suite" title="core.CreditCardValidationTest" hash-for-method="card_type_test(American Express, 377836551942260, 04/17, 1234)">card_type_test(American Express, 377836551942260, 04/17, 1234)</a> <!-- method navigator-link -->
                      </span>
                      <br/>
                      <span>
                        <img width="3%" src="passed.png"/>
                        <a href="#" class="method navigator-link" panel-name="suite-Default_suite" title="core.CreditCardValidationTest" hash-for-method="card_type_test(VISA, 4532-5471-0699-4816, 03/18, 123)">card_type_test(VISA, 4532-5471-0699-4816, 03/18, 123)</a> <!-- method navigator-link -->
                      </span>
                      <br/>
                      <span>
                        <img width="3%" src="passed.png"/>
                        <a href="#" class="method navigator-link" panel-name="suite-Default_suite" title="core.CreditCardValidationTest" hash-for-method="luhn_test(Discover, 60119333026796141, 02/18, 123)">luhn_test(Discover, 60119333026796141, 02/18, 123)</a> <!-- method navigator-link -->
                      </span>
                      <br/>
                      <span>
                        <img width="3%" src="passed.png"/>
                        <a href="#" class="method navigator-link" panel-name="suite-Default_suite" title="core.CreditCardValidationTest" hash-for-method="luhn_test(MasterCard, 5584398929973080, 09/19, 123)">luhn_test(MasterCard, 5584398929973080, 09/19, 123)</a> <!-- method navigator-link -->
                      </span>
                      <br/>
                      <span>
                        <img width="3%" src="passed.png"/>
                        <a href="#" class="method navigator-link" panel-name="suite-Default_suite" title="core.CreditCardValidationTest" hash-for-method="luhn_test(VISA, 4532-5471-0699-4816, 03/18, 123)">luhn_test(VISA, 4532-5471-0699-4816, 03/18, 123)</a> <!-- method navigator-link -->
                      </span>
                      <br/>
                    </div> <!-- method-list-content passed suite-Default_suite -->
                  </li>
                </ul>
              </div> <!-- suite-section-content -->
            </div> <!-- result-section -->
          </div> <!-- navigator-suite-content -->
        </div> <!-- rounded-window -->
      </div> <!-- suite -->
    </div> <!-- navigator-root -->
    <div class="wrapper">
      <div class="main-panel-root">
        <div panel-name="suite-Default_suite" class="panel Default_suite">
          <div class="suite-Default_suite-class-failed">
            <div class="main-panel-header rounded-window-top">
              <img src="failed.png"/>
              <span class="class-name">core.CreditCardValidationTest</span>
            </div> <!-- main-panel-header rounded-window-top -->
            <div class="main-panel-content rounded-window-bottom">
              <div class="method">
                <div class="method-content">
                  <a name="card_cvv_test(BLAH, 4532-5471-0699-4816-1234, 06/16, 1234)">
                  </a> <!-- card_cvv_test(BLAH, 4532-5471-0699-4816-1234, 06/16, 1234) -->
                  <span class="method-name">card_cvv_test</span>
                  <span class="parameters">(BLAH, 4532-5471-0699-4816-1234, 06/16, 1234)</span>
                  <div class="stack-trace">java.lang.AssertionError: 
Expected: is &lt;true&gt;
     but: was &lt;false&gt;
	at org.hamcrest.MatcherAssert.assertThat(MatcherAssert.java:20)
	at org.hamcrest.MatcherAssert.assertThat(MatcherAssert.java:8)
	at core.CreditCardValidationTest.card_cvv_test(CreditCardValidationTest.java:59)
	at sun.reflect.NativeMethodAccessorImpl.invoke0(Native Method)
	at sun.reflect.NativeMethodAccessorImpl.invoke(NativeMethodAccessorImpl.java:62)
	at sun.reflect.DelegatingMethodAccessorImpl.invoke(DelegatingMethodAccessorImpl.java:43)
	at java.lang.reflect.Method.invoke(Method.java:498)
	at org.testng.internal.MethodInvocationHelper.invokeMethod(MethodInvocationHelper.java:104)
	at org.testng.internal.Invoker.invokeMethod(Invoker.java:645)
	at org.testng.internal.Invoker.invokeTestMethod(Invoker.java:851)
	at org.testng.internal.Invoker.invokeTestMethods(Invoker.java:1177)
	at org.testng.internal.TestMethodWorker.invokeTestMethods(TestMethodWorker.java:129)
	at org.testng.internal.TestMethodWorker.run(TestMethodWorker.java:112)
	at org.testng.TestRunner.privateRun(TestRunner.java:756)
	at org.testng.TestRunner.run(TestRunner.java:610)
	at org.testng.SuiteRunner.runTest(SuiteRunner.java:387)
	at org.testng.SuiteRunner.runSequentially(SuiteRunner.java:382)
	at org.testng.SuiteRunner.privateRun(SuiteRunner.java:340)
	at org.testng.SuiteRunner.run(SuiteRunner.java:289)
	at org.testng.SuiteRunnerWorker.runSuite(SuiteRunnerWorker.java:52)
	at org.testng.SuiteRunnerWorker.run(SuiteRunnerWorker.java:86)
	at org.testng.TestNG.runSuitesSequentially(TestNG.java:1293)
	at org.testng.TestNG.runSuitesLocally(TestNG.java:1218)
	at org.testng.TestNG.runSuites(TestNG.java:1133)
	at org.testng.TestNG.run(TestNG.java:1104)
	at org.testng.remote.AbstractRemoteTestNG.run(AbstractRemoteTestNG.java:132)
	at org.testng.remote.RemoteTestNG.initAndRun(RemoteTestNG.java:236)
	at org.testng.remote.RemoteTestNG.main(RemoteTestNG.java:81)

</div> <!-- stack-trace -->
                </div> <!-- method-content -->
              </div> <!-- method -->
              <div class="method">
                <div class="method-content">
                  <a name="card_exp_test(BLAH, 4532-5471-0699-4816-1234, 06/16, 1234)">
                  </a> <!-- card_exp_test(BLAH, 4532-5471-0699-4816-1234, 06/16, 1234) -->
                  <span class="method-name">card_exp_test</span>
                  <span class="parameters">(BLAH, 4532-5471-0699-4816-1234, 06/16, 1234)</span>
                  <div class="stack-trace">java.lang.AssertionError: 
Expected: is &lt;true&gt;
     but: was &lt;false&gt;
	at org.hamcrest.MatcherAssert.assertThat(MatcherAssert.java:20)
	at org.hamcrest.MatcherAssert.assertThat(MatcherAssert.java:8)
	at core.CreditCardValidationTest.card_exp_test(CreditCardValidationTest.java:55)
	at sun.reflect.NativeMethodAccessorImpl.invoke0(Native Method)
	at sun.reflect.NativeMethodAccessorImpl.invoke(NativeMethodAccessorImpl.java:62)
	at sun.reflect.DelegatingMethodAccessorImpl.invoke(DelegatingMethodAccessorImpl.java:43)
	at java.lang.reflect.Method.invoke(Method.java:498)
	at org.testng.internal.MethodInvocationHelper.invokeMethod(MethodInvocationHelper.java:104)
	at org.testng.internal.Invoker.invokeMethod(Invoker.java:645)
	at org.testng.internal.Invoker.invokeTestMethod(Invoker.java:851)
	at org.testng.internal.Invoker.invokeTestMethods(Invoker.java:1177)
	at org.testng.internal.TestMethodWorker.invokeTestMethods(TestMethodWorker.java:129)
	at org.testng.internal.TestMethodWorker.run(TestMethodWorker.java:112)
	at org.testng.TestRunner.privateRun(TestRunner.java:756)
	at org.testng.TestRunner.run(TestRunner.java:610)
	at org.testng.SuiteRunner.runTest(SuiteRunner.java:387)
	at org.testng.SuiteRunner.runSequentially(SuiteRunner.java:382)
	at org.testng.SuiteRunner.privateRun(SuiteRunner.java:340)
	at org.testng.SuiteRunner.run(SuiteRunner.java:289)
	at org.testng.SuiteRunnerWorker.runSuite(SuiteRunnerWorker.java:52)
	at org.testng.SuiteRunnerWorker.run(SuiteRunnerWorker.java:86)
	at org.testng.TestNG.runSuitesSequentially(TestNG.java:1293)
	at org.testng.TestNG.runSuitesLocally(TestNG.java:1218)
	at org.testng.TestNG.runSuites(TestNG.java:1133)
	at org.testng.TestNG.run(TestNG.java:1104)
	at org.testng.remote.AbstractRemoteTestNG.run(AbstractRemoteTestNG.java:132)
	at org.testng.remote.RemoteTestNG.initAndRun(RemoteTestNG.java:236)
	at org.testng.remote.RemoteTestNG.main(RemoteTestNG.java:81)

</div> <!-- stack-trace -->
                </div> <!-- method-content -->
              </div> <!-- method -->
              <div class="method">
                <div class="method-content">
                  <a name="card_number_length_test(Discover, 60119333026796141, 02/18, 123)">
                  </a> <!-- card_number_length_test(Discover, 60119333026796141, 02/18, 123) -->
                  <span class="method-name">card_number_length_test</span>
                  <span class="parameters">(Discover, 60119333026796141, 02/18, 123)</span>
                  <div class="stack-trace">java.lang.AssertionError: 
Expected: is &lt;true&gt;
     but: was &lt;false&gt;
	at org.hamcrest.MatcherAssert.assertThat(MatcherAssert.java:20)
	at org.hamcrest.MatcherAssert.assertThat(MatcherAssert.java:8)
	at core.CreditCardValidationTest.card_number_length_test(CreditCardValidationTest.java:46)
	at sun.reflect.NativeMethodAccessorImpl.invoke0(Native Method)
	at sun.reflect.NativeMethodAccessorImpl.invoke(NativeMethodAccessorImpl.java:62)
	at sun.reflect.DelegatingMethodAccessorImpl.invoke(DelegatingMethodAccessorImpl.java:43)
	at java.lang.reflect.Method.invoke(Method.java:498)
	at org.testng.internal.MethodInvocationHelper.invokeMethod(MethodInvocationHelper.java:104)
	at org.testng.internal.Invoker.invokeMethod(Invoker.java:645)
	at org.testng.internal.Invoker.invokeTestMethod(Invoker.java:851)
	at org.testng.internal.Invoker.invokeTestMethods(Invoker.java:1177)
	at org.testng.internal.TestMethodWorker.invokeTestMethods(TestMethodWorker.java:129)
	at org.testng.internal.TestMethodWorker.run(TestMethodWorker.java:112)
	at org.testng.TestRunner.privateRun(TestRunner.java:756)
	at org.testng.TestRunner.run(TestRunner.java:610)
	at org.testng.SuiteRunner.runTest(SuiteRunner.java:387)
	at org.testng.SuiteRunner.runSequentially(SuiteRunner.java:382)
	at org.testng.SuiteRunner.privateRun(SuiteRunner.java:340)
	at org.testng.SuiteRunner.run(SuiteRunner.java:289)
	at org.testng.SuiteRunnerWorker.runSuite(SuiteRunnerWorker.java:52)
	at org.testng.SuiteRunnerWorker.run(SuiteRunnerWorker.java:86)
	at org.testng.TestNG.runSuitesSequentially(TestNG.java:1293)
	at org.testng.TestNG.runSuitesLocally(TestNG.java:1218)
	at org.testng.TestNG.runSuites(TestNG.java:1133)
	at org.testng.TestNG.run(TestNG.java:1104)
	at org.testng.remote.AbstractRemoteTestNG.run(AbstractRemoteTestNG.java:132)
	at org.testng.remote.RemoteTestNG.initAndRun(RemoteTestNG.java:236)
	at org.testng.remote.RemoteTestNG.main(RemoteTestNG.java:81)

</div> <!-- stack-trace -->
                </div> <!-- method-content -->
              </div> <!-- method -->
              <div class="method">
                <div class="method-content">
                  <a name="card_number_length_test(BLAH, 4532-5471-0699-4816-1234, 06/16, 1234)">
                  </a> <!-- card_number_length_test(BLAH, 4532-5471-0699-4816-1234, 06/16, 1234) -->
                  <span class="method-name">card_number_length_test</span>
                  <span class="parameters">(BLAH, 4532-5471-0699-4816-1234, 06/16, 1234)</span>
                  <div class="stack-trace">java.lang.AssertionError: 
Expected: is &lt;true&gt;
     but: was &lt;false&gt;
	at org.hamcrest.MatcherAssert.assertThat(MatcherAssert.java:20)
	at org.hamcrest.MatcherAssert.assertThat(MatcherAssert.java:8)
	at core.CreditCardValidationTest.card_number_length_test(CreditCardValidationTest.java:46)
	at sun.reflect.NativeMethodAccessorImpl.invoke0(Native Method)
	at sun.reflect.NativeMethodAccessorImpl.invoke(NativeMethodAccessorImpl.java:62)
	at sun.reflect.DelegatingMethodAccessorImpl.invoke(DelegatingMethodAccessorImpl.java:43)
	at java.lang.reflect.Method.invoke(Method.java:498)
	at org.testng.internal.MethodInvocationHelper.invokeMethod(MethodInvocationHelper.java:104)
	at org.testng.internal.Invoker.invokeMethod(Invoker.java:645)
	at org.testng.internal.Invoker.invokeTestMethod(Invoker.java:851)
	at org.testng.internal.Invoker.invokeTestMethods(Invoker.java:1177)
	at org.testng.internal.TestMethodWorker.invokeTestMethods(TestMethodWorker.java:129)
	at org.testng.internal.TestMethodWorker.run(TestMethodWorker.java:112)
	at org.testng.TestRunner.privateRun(TestRunner.java:756)
	at org.testng.TestRunner.run(TestRunner.java:610)
	at org.testng.SuiteRunner.runTest(SuiteRunner.java:387)
	at org.testng.SuiteRunner.runSequentially(SuiteRunner.java:382)
	at org.testng.SuiteRunner.privateRun(SuiteRunner.java:340)
	at org.testng.SuiteRunner.run(SuiteRunner.java:289)
	at org.testng.SuiteRunnerWorker.runSuite(SuiteRunnerWorker.java:52)
	at org.testng.SuiteRunnerWorker.run(SuiteRunnerWorker.java:86)
	at org.testng.TestNG.runSuitesSequentially(TestNG.java:1293)
	at org.testng.TestNG.runSuitesLocally(TestNG.java:1218)
	at org.testng.TestNG.runSuites(TestNG.java:1133)
	at org.testng.TestNG.run(TestNG.java:1104)
	at org.testng.remote.AbstractRemoteTestNG.run(AbstractRemoteTestNG.java:132)
	at org.testng.remote.RemoteTestNG.initAndRun(RemoteTestNG.java:236)
	at org.testng.remote.RemoteTestNG.main(RemoteTestNG.java:81)

</div> <!-- stack-trace -->
                </div> <!-- method-content -->
              </div> <!-- method -->
              <div class="method">
                <div class="method-content">
                  <a name="card_type_test(Discover, 60119333026796141, 02/18, 123)">
                  </a> <!-- card_type_test(Discover, 60119333026796141, 02/18, 123) -->
                  <span class="method-name">card_type_test</span>
                  <span class="parameters">(Discover, 60119333026796141, 02/18, 123)</span>
                  <div class="stack-trace">java.lang.AssertionError: 
Expected: is &lt;true&gt;
     but: was &lt;false&gt;
	at org.hamcrest.MatcherAssert.assertThat(MatcherAssert.java:20)
	at org.hamcrest.MatcherAssert.assertThat(MatcherAssert.java:8)
	at core.CreditCardValidationTest.card_type_test(CreditCardValidationTest.java:41)
	at sun.reflect.NativeMethodAccessorImpl.invoke0(Native Method)
	at sun.reflect.NativeMethodAccessorImpl.invoke(NativeMethodAccessorImpl.java:62)
	at sun.reflect.DelegatingMethodAccessorImpl.invoke(DelegatingMethodAccessorImpl.java:43)
	at java.lang.reflect.Method.invoke(Method.java:498)
	at org.testng.internal.MethodInvocationHelper.invokeMethod(MethodInvocationHelper.java:104)
	at org.testng.internal.Invoker.invokeMethod(Invoker.java:645)
	at org.testng.internal.Invoker.invokeTestMethod(Invoker.java:851)
	at org.testng.internal.Invoker.invokeTestMethods(Invoker.java:1177)
	at org.testng.internal.TestMethodWorker.invokeTestMethods(TestMethodWorker.java:129)
	at org.testng.internal.TestMethodWorker.run(TestMethodWorker.java:112)
	at org.testng.TestRunner.privateRun(TestRunner.java:756)
	at org.testng.TestRunner.run(TestRunner.java:610)
	at org.testng.SuiteRunner.runTest(SuiteRunner.java:387)
	at org.testng.SuiteRunner.runSequentially(SuiteRunner.java:382)
	at org.testng.SuiteRunner.privateRun(SuiteRunner.java:340)
	at org.testng.SuiteRunner.run(SuiteRunner.java:289)
	at org.testng.SuiteRunnerWorker.runSuite(SuiteRunnerWorker.java:52)
	at org.testng.SuiteRunnerWorker.run(SuiteRunnerWorker.java:86)
	at org.testng.TestNG.runSuitesSequentially(TestNG.java:1293)
	at org.testng.TestNG.runSuitesLocally(TestNG.java:1218)
	at org.testng.TestNG.runSuites(TestNG.java:1133)
	at org.testng.TestNG.run(TestNG.java:1104)
	at org.testng.remote.AbstractRemoteTestNG.run(AbstractRemoteTestNG.java:132)
	at org.testng.remote.RemoteTestNG.initAndRun(RemoteTestNG.java:236)
	at org.testng.remote.RemoteTestNG.main(RemoteTestNG.java:81)

</div> <!-- stack-trace -->
                </div> <!-- method-content -->
              </div> <!-- method -->
              <div class="method">
                <div class="method-content">
                  <a name="card_type_test(BLAH, 4532-5471-0699-4816-1234, 06/16, 1234)">
                  </a> <!-- card_type_test(BLAH, 4532-5471-0699-4816-1234, 06/16, 1234) -->
                  <span class="method-name">card_type_test</span>
                  <span class="parameters">(BLAH, 4532-5471-0699-4816-1234, 06/16, 1234)</span>
                  <div class="stack-trace">java.lang.AssertionError: 
Expected: is &lt;true&gt;
     but: was &lt;false&gt;
	at org.hamcrest.MatcherAssert.assertThat(MatcherAssert.java:20)
	at org.hamcrest.MatcherAssert.assertThat(MatcherAssert.java:8)
	at core.CreditCardValidationTest.card_type_test(CreditCardValidationTest.java:41)
	at sun.reflect.NativeMethodAccessorImpl.invoke0(Native Method)
	at sun.reflect.NativeMethodAccessorImpl.invoke(NativeMethodAccessorImpl.java:62)
	at sun.reflect.DelegatingMethodAccessorImpl.invoke(DelegatingMethodAccessorImpl.java:43)
	at java.lang.reflect.Method.invoke(Method.java:498)
	at org.testng.internal.MethodInvocationHelper.invokeMethod(MethodInvocationHelper.java:104)
	at org.testng.internal.Invoker.invokeMethod(Invoker.java:645)
	at org.testng.internal.Invoker.invokeTestMethod(Invoker.java:851)
	at org.testng.internal.Invoker.invokeTestMethods(Invoker.java:1177)
	at org.testng.internal.TestMethodWorker.invokeTestMethods(TestMethodWorker.java:129)
	at org.testng.internal.TestMethodWorker.run(TestMethodWorker.java:112)
	at org.testng.TestRunner.privateRun(TestRunner.java:756)
	at org.testng.TestRunner.run(TestRunner.java:610)
	at org.testng.SuiteRunner.runTest(SuiteRunner.java:387)
	at org.testng.SuiteRunner.runSequentially(SuiteRunner.java:382)
	at org.testng.SuiteRunner.privateRun(SuiteRunner.java:340)
	at org.testng.SuiteRunner.run(SuiteRunner.java:289)
	at org.testng.SuiteRunnerWorker.runSuite(SuiteRunnerWorker.java:52)
	at org.testng.SuiteRunnerWorker.run(SuiteRunnerWorker.java:86)
	at org.testng.TestNG.runSuitesSequentially(TestNG.java:1293)
	at org.testng.TestNG.runSuitesLocally(TestNG.java:1218)
	at org.testng.TestNG.runSuites(TestNG.java:1133)
	at org.testng.TestNG.run(TestNG.java:1104)
	at org.testng.remote.AbstractRemoteTestNG.run(AbstractRemoteTestNG.java:132)
	at org.testng.remote.RemoteTestNG.initAndRun(RemoteTestNG.java:236)
	at org.testng.remote.RemoteTestNG.main(RemoteTestNG.java:81)

</div> <!-- stack-trace -->
                </div> <!-- method-content -->
              </div> <!-- method -->
              <div class="method">
                <div class="method-content">
                  <a name="luhn_test(BLAH, 4532-5471-0699-4816-1234, 06/16, 1234)">
                  </a> <!-- luhn_test(BLAH, 4532-5471-0699-4816-1234, 06/16, 1234) -->
                  <span class="method-name">luhn_test</span>
                  <span class="parameters">(BLAH, 4532-5471-0699-4816-1234, 06/16, 1234)</span>
                  <div class="stack-trace">java.lang.AssertionError: 
Expected: is &lt;true&gt;
     but: was &lt;false&gt;
	at org.hamcrest.MatcherAssert.assertThat(MatcherAssert.java:20)
	at org.hamcrest.MatcherAssert.assertThat(MatcherAssert.java:8)
	at core.CreditCardValidationTest.luhn_test(CreditCardValidationTest.java:65)
	at sun.reflect.NativeMethodAccessorImpl.invoke0(Native Method)
	at sun.reflect.NativeMethodAccessorImpl.invoke(NativeMethodAccessorImpl.java:62)
	at sun.reflect.DelegatingMethodAccessorImpl.invoke(DelegatingMethodAccessorImpl.java:43)
	at java.lang.reflect.Method.invoke(Method.java:498)
	at org.testng.internal.MethodInvocationHelper.invokeMethod(MethodInvocationHelper.java:104)
	at org.testng.internal.Invoker.invokeMethod(Invoker.java:645)
	at org.testng.internal.Invoker.invokeTestMethod(Invoker.java:851)
	at org.testng.internal.Invoker.invokeTestMethods(Invoker.java:1177)
	at org.testng.internal.TestMethodWorker.invokeTestMethods(TestMethodWorker.java:129)
	at org.testng.internal.TestMethodWorker.run(TestMethodWorker.java:112)
	at org.testng.TestRunner.privateRun(TestRunner.java:756)
	at org.testng.TestRunner.run(TestRunner.java:610)
	at org.testng.SuiteRunner.runTest(SuiteRunner.java:387)
	at org.testng.SuiteRunner.runSequentially(SuiteRunner.java:382)
	at org.testng.SuiteRunner.privateRun(SuiteRunner.java:340)
	at org.testng.SuiteRunner.run(SuiteRunner.java:289)
	at org.testng.SuiteRunnerWorker.runSuite(SuiteRunnerWorker.java:52)
	at org.testng.SuiteRunnerWorker.run(SuiteRunnerWorker.java:86)
	at org.testng.TestNG.runSuitesSequentially(TestNG.java:1293)
	at org.testng.TestNG.runSuitesLocally(TestNG.java:1218)
	at org.testng.TestNG.runSuites(TestNG.java:1133)
	at org.testng.TestNG.run(TestNG.java:1104)
	at org.testng.remote.AbstractRemoteTestNG.run(AbstractRemoteTestNG.java:132)
	at org.testng.remote.RemoteTestNG.initAndRun(RemoteTestNG.java:236)
	at org.testng.remote.RemoteTestNG.main(RemoteTestNG.java:81)

</div> <!-- stack-trace -->
                </div> <!-- method-content -->
              </div> <!-- method -->
              <div class="method">
                <div class="method-content">
                  <a name="luhn_test(American Express, 377836551942260, 04/17, 1234)">
                  </a> <!-- luhn_test(American Express, 377836551942260, 04/17, 1234) -->
                  <span class="method-name">luhn_test</span>
                  <span class="parameters">(American Express, 377836551942260, 04/17, 1234)</span>
                  <div class="stack-trace">java.lang.AssertionError: 
Expected: is &lt;true&gt;
     but: was &lt;false&gt;
	at org.hamcrest.MatcherAssert.assertThat(MatcherAssert.java:20)
	at org.hamcrest.MatcherAssert.assertThat(MatcherAssert.java:8)
	at core.CreditCardValidationTest.luhn_test(CreditCardValidationTest.java:65)
	at sun.reflect.NativeMethodAccessorImpl.invoke0(Native Method)
	at sun.reflect.NativeMethodAccessorImpl.invoke(NativeMethodAccessorImpl.java:62)
	at sun.reflect.DelegatingMethodAccessorImpl.invoke(DelegatingMethodAccessorImpl.java:43)
	at java.lang.reflect.Method.invoke(Method.java:498)
	at org.testng.internal.MethodInvocationHelper.invokeMethod(MethodInvocationHelper.java:104)
	at org.testng.internal.Invoker.invokeMethod(Invoker.java:645)
	at org.testng.internal.Invoker.invokeTestMethod(Invoker.java:851)
	at org.testng.internal.Invoker.invokeTestMethods(Invoker.java:1177)
	at org.testng.internal.TestMethodWorker.invokeTestMethods(TestMethodWorker.java:129)
	at org.testng.internal.TestMethodWorker.run(TestMethodWorker.java:112)
	at org.testng.TestRunner.privateRun(TestRunner.java:756)
	at org.testng.TestRunner.run(TestRunner.java:610)
	at org.testng.SuiteRunner.runTest(SuiteRunner.java:387)
	at org.testng.SuiteRunner.runSequentially(SuiteRunner.java:382)
	at org.testng.SuiteRunner.privateRun(SuiteRunner.java:340)
	at org.testng.SuiteRunner.run(SuiteRunner.java:289)
	at org.testng.SuiteRunnerWorker.runSuite(SuiteRunnerWorker.java:52)
	at org.testng.SuiteRunnerWorker.run(SuiteRunnerWorker.java:86)
	at org.testng.TestNG.runSuitesSequentially(TestNG.java:1293)
	at org.testng.TestNG.runSuitesLocally(TestNG.java:1218)
	at org.testng.TestNG.runSuites(TestNG.java:1133)
	at org.testng.TestNG.run(TestNG.java:1104)
	at org.testng.remote.AbstractRemoteTestNG.run(AbstractRemoteTestNG.java:132)
	at org.testng.remote.RemoteTestNG.initAndRun(RemoteTestNG.java:236)
	at org.testng.remote.RemoteTestNG.main(RemoteTestNG.java:81)

</div> <!-- stack-trace -->
                </div> <!-- method-content -->
              </div> <!-- method -->
            </div> <!-- main-panel-content rounded-window-bottom -->
          </div> <!-- suite-Default_suite-class-failed -->
          <div class="suite-Default_suite-class-passed">
            <div class="main-panel-header rounded-window-top">
              <img src="passed.png"/>
              <span class="class-name">core.CreditCardValidationTest</span>
            </div> <!-- main-panel-header rounded-window-top -->
            <div class="main-panel-content rounded-window-bottom">
              <div class="method">
                <div class="method-content">
                  <a name="card_cvv_test(American Express, 377836551942260, 04/17, 1234)">
                  </a> <!-- card_cvv_test(American Express, 377836551942260, 04/17, 1234) -->
                  <span class="method-name">card_cvv_test</span>
                  <span class="parameters">(American Express, 377836551942260, 04/17, 1234)</span>
                </div> <!-- method-content -->
              </div> <!-- method -->
              <div class="method">
                <div class="method-content">
                  <a name="card_cvv_test(Discover, 60119333026796141, 02/18, 123)">
                  </a> <!-- card_cvv_test(Discover, 60119333026796141, 02/18, 123) -->
                  <span class="method-name">card_cvv_test</span>
                  <span class="parameters">(Discover, 60119333026796141, 02/18, 123)</span>
                </div> <!-- method-content -->
              </div> <!-- method -->
              <div class="method">
                <div class="method-content">
                  <a name="card_cvv_test(VISA, 4532-5471-0699-4816, 03/18, 123)">
                  </a> <!-- card_cvv_test(VISA, 4532-5471-0699-4816, 03/18, 123) -->
                  <span class="method-name">card_cvv_test</span>
                  <span class="parameters">(VISA, 4532-5471-0699-4816, 03/18, 123)</span>
                </div> <!-- method-content -->
              </div> <!-- method -->
              <div class="method">
                <div class="method-content">
                  <a name="card_cvv_test(MasterCard, 5584398929973080, 09/19, 123)">
                  </a> <!-- card_cvv_test(MasterCard, 5584398929973080, 09/19, 123) -->
                  <span class="method-name">card_cvv_test</span>
                  <span class="parameters">(MasterCard, 5584398929973080, 09/19, 123)</span>
                </div> <!-- method-content -->
              </div> <!-- method -->
              <div class="method">
                <div class="method-content">
                  <a name="card_exp_format_test(BLAH, 4532-5471-0699-4816-1234, 06/16, 1234)">
                  </a> <!-- card_exp_format_test(BLAH, 4532-5471-0699-4816-1234, 06/16, 1234) -->
                  <span class="method-name">card_exp_format_test</span>
                  <span class="parameters">(BLAH, 4532-5471-0699-4816-1234, 06/16, 1234)</span>
                </div> <!-- method-content -->
              </div> <!-- method -->
              <div class="method">
                <div class="method-content">
                  <a name="card_exp_format_test(MasterCard, 5584398929973080, 09/19, 123)">
                  </a> <!-- card_exp_format_test(MasterCard, 5584398929973080, 09/19, 123) -->
                  <span class="method-name">card_exp_format_test</span>
                  <span class="parameters">(MasterCard, 5584398929973080, 09/19, 123)</span>
                </div> <!-- method-content -->
              </div> <!-- method -->
              <div class="method">
                <div class="method-content">
                  <a name="card_exp_format_test(American Express, 377836551942260, 04/17, 1234)">
                  </a> <!-- card_exp_format_test(American Express, 377836551942260, 04/17, 1234) -->
                  <span class="method-name">card_exp_format_test</span>
                  <span class="parameters">(American Express, 377836551942260, 04/17, 1234)</span>
                </div> <!-- method-content -->
              </div> <!-- method -->
              <div class="method">
                <div class="method-content">
                  <a name="card_exp_format_test(Discover, 60119333026796141, 02/18, 123)">
                  </a> <!-- card_exp_format_test(Discover, 60119333026796141, 02/18, 123) -->
                  <span class="method-name">card_exp_format_test</span>
                  <span class="parameters">(Discover, 60119333026796141, 02/18, 123)</span>
                </div> <!-- method-content -->
              </div> <!-- method -->
              <div class="method">
                <div class="method-content">
                  <a name="card_exp_format_test(VISA, 4532-5471-0699-4816, 03/18, 123)">
                  </a> <!-- card_exp_format_test(VISA, 4532-5471-0699-4816, 03/18, 123) -->
                  <span class="method-name">card_exp_format_test</span>
                  <span class="parameters">(VISA, 4532-5471-0699-4816, 03/18, 123)</span>
                </div> <!-- method-content -->
              </div> <!-- method -->
              <div class="method">
                <div class="method-content">
                  <a name="card_exp_test(American Express, 377836551942260, 04/17, 1234)">
                  </a> <!-- card_exp_test(American Express, 377836551942260, 04/17, 1234) -->
                  <span class="method-name">card_exp_test</span>
                  <span class="parameters">(American Express, 377836551942260, 04/17, 1234)</span>
                </div> <!-- method-content -->
              </div> <!-- method -->
              <div class="method">
                <div class="method-content">
                  <a name="card_exp_test(MasterCard, 5584398929973080, 09/19, 123)">
                  </a> <!-- card_exp_test(MasterCard, 5584398929973080, 09/19, 123) -->
                  <span class="method-name">card_exp_test</span>
                  <span class="parameters">(MasterCard, 5584398929973080, 09/19, 123)</span>
                </div> <!-- method-content -->
              </div> <!-- method -->
              <div class="method">
                <div class="method-content">
                  <a name="card_exp_test(VISA, 4532-5471-0699-4816, 03/18, 123)">
                  </a> <!-- card_exp_test(VISA, 4532-5471-0699-4816, 03/18, 123) -->
                  <span class="method-name">card_exp_test</span>
                  <span class="parameters">(VISA, 4532-5471-0699-4816, 03/18, 123)</span>
                </div> <!-- method-content -->
              </div> <!-- method -->
              <div class="method">
                <div class="method-content">
                  <a name="card_exp_test(Discover, 60119333026796141, 02/18, 123)">
                  </a> <!-- card_exp_test(Discover, 60119333026796141, 02/18, 123) -->
                  <span class="method-name">card_exp_test</span>
                  <span class="parameters">(Discover, 60119333026796141, 02/18, 123)</span>
                </div> <!-- method-content -->
              </div> <!-- method -->
              <div class="method">
                <div class="method-content">
                  <a name="card_number_length_test(MasterCard, 5584398929973080, 09/19, 123)">
                  </a> <!-- card_number_length_test(MasterCard, 5584398929973080, 09/19, 123) -->
                  <span class="method-name">card_number_length_test</span>
                  <span class="parameters">(MasterCard, 5584398929973080, 09/19, 123)</span>
                </div> <!-- method-content -->
              </div> <!-- method -->
              <div class="method">
                <div class="method-content">
                  <a name="card_number_length_test(American Express, 377836551942260, 04/17, 1234)">
                  </a> <!-- card_number_length_test(American Express, 377836551942260, 04/17, 1234) -->
                  <span class="method-name">card_number_length_test</span>
                  <span class="parameters">(American Express, 377836551942260, 04/17, 1234)</span>
                </div> <!-- method-content -->
              </div> <!-- method -->
              <div class="method">
                <div class="method-content">
                  <a name="card_number_length_test(VISA, 4532-5471-0699-4816, 03/18, 123)">
                  </a> <!-- card_number_length_test(VISA, 4532-5471-0699-4816, 03/18, 123) -->
                  <span class="method-name">card_number_length_test</span>
                  <span class="parameters">(VISA, 4532-5471-0699-4816, 03/18, 123)</span>
                </div> <!-- method-content -->
              </div> <!-- method -->
              <div class="method">
                <div class="method-content">
                  <a name="card_type_test(MasterCard, 5584398929973080, 09/19, 123)">
                  </a> <!-- card_type_test(MasterCard, 5584398929973080, 09/19, 123) -->
                  <span class="method-name">card_type_test</span>
                  <span class="parameters">(MasterCard, 5584398929973080, 09/19, 123)</span>
                </div> <!-- method-content -->
              </div> <!-- method -->
              <div class="method">
                <div class="method-content">
                  <a name="card_type_test(American Express, 377836551942260, 04/17, 1234)">
                  </a> <!-- card_type_test(American Express, 377836551942260, 04/17, 1234) -->
                  <span class="method-name">card_type_test</span>
                  <span class="parameters">(American Express, 377836551942260, 04/17, 1234)</span>
                </div> <!-- method-content -->
              </div> <!-- method -->
              <div class="method">
                <div class="method-content">
                  <a name="card_type_test(VISA, 4532-5471-0699-4816, 03/18, 123)">
                  </a> <!-- card_type_test(VISA, 4532-5471-0699-4816, 03/18, 123) -->
                  <span class="method-name">card_type_test</span>
                  <span class="parameters">(VISA, 4532-5471-0699-4816, 03/18, 123)</span>
                </div> <!-- method-content -->
              </div> <!-- method -->
              <div class="method">
                <div class="method-content">
                  <a name="luhn_test(Discover, 60119333026796141, 02/18, 123)">
                  </a> <!-- luhn_test(Discover, 60119333026796141, 02/18, 123) -->
                  <span class="method-name">luhn_test</span>
                  <span class="parameters">(Discover, 60119333026796141, 02/18, 123)</span>
                </div> <!-- method-content -->
              </div> <!-- method -->
              <div class="method">
                <div class="method-content">
                  <a name="luhn_test(MasterCard, 5584398929973080, 09/19, 123)">
                  </a> <!-- luhn_test(MasterCard, 5584398929973080, 09/19, 123) -->
                  <span class="method-name">luhn_test</span>
                  <span class="parameters">(MasterCard, 5584398929973080, 09/19, 123)</span>
                </div> <!-- method-content -->
              </div> <!-- method -->
              <div class="method">
                <div class="method-content">
                  <a name="luhn_test(VISA, 4532-5471-0699-4816, 03/18, 123)">
                  </a> <!-- luhn_test(VISA, 4532-5471-0699-4816, 03/18, 123) -->
                  <span class="method-name">luhn_test</span>
                  <span class="parameters">(VISA, 4532-5471-0699-4816, 03/18, 123)</span>
                </div> <!-- method-content -->
              </div> <!-- method -->
            </div> <!-- main-panel-content rounded-window-bottom -->
          </div> <!-- suite-Default_suite-class-passed -->
        </div> <!-- panel Default_suite -->
        <div panel-name="test-xml-Default_suite" class="panel">
          <div class="main-panel-header rounded-window-top">
            <span class="header-content">C:\Users\Dmitry\AppData\Local\Temp\testng-eclipse--2110375875\testng-customsuite.xml</span>
          </div> <!-- main-panel-header rounded-window-top -->
          <div class="main-panel-content rounded-window-bottom">
            <pre>
&lt;?xml version=&quot;1.0&quot; encoding=&quot;UTF-8&quot;?&gt;
&lt;!DOCTYPE suite SYSTEM &quot;http://testng.org/testng-1.0.dtd&quot;&gt;
&lt;suite guice-stage=&quot;DEVELOPMENT&quot; name=&quot;Default suite&quot;&gt;
  &lt;test verbose=&quot;2&quot; name=&quot;Default test&quot;&gt;
    &lt;classes&gt;
      &lt;class name=&quot;core.CreditCardValidationTest&quot;/&gt;
    &lt;/classes&gt;
  &lt;/test&gt; &lt;!-- Default test --&gt;
&lt;/suite&gt; &lt;!-- Default suite --&gt;
            </pre>
          </div> <!-- main-panel-content rounded-window-bottom -->
        </div> <!-- panel -->
        <div panel-name="testlist-Default_suite" class="panel">
          <div class="main-panel-header rounded-window-top">
            <span class="header-content">Tests for Default suite</span>
          </div> <!-- main-panel-header rounded-window-top -->
          <div class="main-panel-content rounded-window-bottom">
            <ul>
              <li>
                <span class="test-name">Default test (1 class)</span>
              </li>
            </ul>
          </div> <!-- main-panel-content rounded-window-bottom -->
        </div> <!-- panel -->
        <div panel-name="group-Default_suite" class="panel">
          <div class="main-panel-header rounded-window-top">
            <span class="header-content">Groups for Default suite</span>
          </div> <!-- main-panel-header rounded-window-top -->
          <div class="main-panel-content rounded-window-bottom">
            <div class="test-group">
              <span class="test-group-name">card_length</span>
              <br/>
              <div class="method-in-group">
                <span class="method-in-group-name">card_number_length_test</span>
                <br/>
              </div> <!-- method-in-group -->
            </div> <!-- test-group -->
            <div class="test-group">
              <span class="test-group-name">card_type</span>
              <br/>
              <div class="method-in-group">
                <span class="method-in-group-name">card_type_test</span>
                <br/>
              </div> <!-- method-in-group -->
            </div> <!-- test-group -->
            <div class="test-group">
              <span class="test-group-name">cvv</span>
              <br/>
              <div class="method-in-group">
                <span class="method-in-group-name">card_cvv_test</span>
                <br/>
              </div> <!-- method-in-group -->
            </div> <!-- test-group -->
            <div class="test-group">
              <span class="test-group-name">exp</span>
              <br/>
              <div class="method-in-group">
                <span class="method-in-group-name">card_exp_test</span>
                <br/>
              </div> <!-- method-in-group -->
            </div> <!-- test-group -->
            <div class="test-group">
              <span class="test-group-name">exp_format</span>
              <br/>
              <div class="method-in-group">
                <span class="method-in-group-name">card_exp_format_test</span>
                <br/>
              </div> <!-- method-in-group -->
            </div> <!-- test-group -->
            <div class="test-group">
              <span class="test-group-name">luhn</span>
              <br/>
              <div class="method-in-group">
                <span class="method-in-group-name">luhn_test</span>
                <br/>
              </div> <!-- method-in-group -->
            </div> <!-- test-group -->
          </div> <!-- main-panel-content rounded-window-bottom -->
        </div> <!-- panel -->
        <div panel-name="times-Default_suite" class="panel">
          <div class="main-panel-header rounded-window-top">
            <span class="header-content">Times for Default suite</span>
          </div> <!-- main-panel-header rounded-window-top -->
          <div class="main-panel-content rounded-window-bottom">
            <div class="times-div">
              <script type="text/javascript">
suiteTableInitFunctions.push('tableData_Default_suite');
function tableData_Default_suite() {
var data = new google.visualization.DataTable();
data.addColumn('number', 'Number');
data.addColumn('string', 'Method');
data.addColumn('string', 'Class');
data.addColumn('number', 'Time (ms)');
data.addRows(30);
data.setCell(0, 0, 0)
data.setCell(0, 1, 'card_cvv_test')
data.setCell(0, 2, 'core.CreditCardValidationTest')
data.setCell(0, 3, 117);
data.setCell(1, 0, 1)
data.setCell(1, 1, 'card_exp_test')
data.setCell(1, 2, 'core.CreditCardValidationTest')
data.setCell(1, 3, 18);
data.setCell(2, 0, 2)
data.setCell(2, 1, 'card_exp_format_test')
data.setCell(2, 2, 'core.CreditCardValidationTest')
data.setCell(2, 3, 10);
data.setCell(3, 0, 3)
data.setCell(3, 1, 'luhn_test')
data.setCell(3, 2, 'core.CreditCardValidationTest')
data.setCell(3, 3, 9);
data.setCell(4, 0, 4)
data.setCell(4, 1, 'card_cvv_test')
data.setCell(4, 2, 'core.CreditCardValidationTest')
data.setCell(4, 3, 8);
data.setCell(5, 0, 5)
data.setCell(5, 1, 'card_cvv_test')
data.setCell(5, 2, 'core.CreditCardValidationTest')
data.setCell(5, 3, 7);
data.setCell(6, 0, 6)
data.setCell(6, 1, 'card_number_length_test')
data.setCell(6, 2, 'core.CreditCardValidationTest')
data.setCell(6, 3, 6);
data.setCell(7, 0, 7)
data.setCell(7, 1, 'card_cvv_test')
data.setCell(7, 2, 'core.CreditCardValidationTest')
data.setCell(7, 3, 5);
data.setCell(8, 0, 8)
data.setCell(8, 1, 'card_exp_test')
data.setCell(8, 2, 'core.CreditCardValidationTest')
data.setCell(8, 3, 5);
data.setCell(9, 0, 9)
data.setCell(9, 1, 'card_cvv_test')
data.setCell(9, 2, 'core.CreditCardValidationTest')
data.setCell(9, 3, 5);
data.setCell(10, 0, 10)
data.setCell(10, 1, 'card_number_length_test')
data.setCell(10, 2, 'core.CreditCardValidationTest')
data.setCell(10, 3, 4);
data.setCell(11, 0, 11)
data.setCell(11, 1, 'card_type_test')
data.setCell(11, 2, 'core.CreditCardValidationTest')
data.setCell(11, 3, 4);
data.setCell(12, 0, 12)
data.setCell(12, 1, 'card_exp_test')
data.setCell(12, 2, 'core.CreditCardValidationTest')
data.setCell(12, 3, 4);
data.setCell(13, 0, 13)
data.setCell(13, 1, 'luhn_test')
data.setCell(13, 2, 'core.CreditCardValidationTest')
data.setCell(13, 3, 3);
data.setCell(14, 0, 14)
data.setCell(14, 1, 'luhn_test')
data.setCell(14, 2, 'core.CreditCardValidationTest')
data.setCell(14, 3, 3);
data.setCell(15, 0, 15)
data.setCell(15, 1, 'luhn_test')
data.setCell(15, 2, 'core.CreditCardValidationTest')
data.setCell(15, 3, 3);
data.setCell(16, 0, 16)
data.setCell(16, 1, 'card_number_length_test')
data.setCell(16, 2, 'core.CreditCardValidationTest')
data.setCell(16, 3, 2);
data.setCell(17, 0, 17)
data.setCell(17, 1, 'card_type_test')
data.setCell(17, 2, 'core.CreditCardValidationTest')
data.setCell(17, 3, 2);
data.setCell(18, 0, 18)
data.setCell(18, 1, 'card_exp_format_test')
data.setCell(18, 2, 'core.CreditCardValidationTest')
data.setCell(18, 3, 2);
data.setCell(19, 0, 19)
data.setCell(19, 1, 'card_type_test')
data.setCell(19, 2, 'core.CreditCardValidationTest')
data.setCell(19, 3, 2);
data.setCell(20, 0, 20)
data.setCell(20, 1, 'card_exp_format_test')
data.setCell(20, 2, 'core.CreditCardValidationTest')
data.setCell(20, 3, 2);
data.setCell(21, 0, 21)
data.setCell(21, 1, 'card_exp_format_test')
data.setCell(21, 2, 'core.CreditCardValidationTest')
data.setCell(21, 3, 2);
data.setCell(22, 0, 22)
data.setCell(22, 1, 'card_number_length_test')
data.setCell(22, 2, 'core.CreditCardValidationTest')
data.setCell(22, 3, 2);
data.setCell(23, 0, 23)
data.setCell(23, 1, 'luhn_test')
data.setCell(23, 2, 'core.CreditCardValidationTest')
data.setCell(23, 3, 2);
data.setCell(24, 0, 24)
data.setCell(24, 1, 'card_type_test')
data.setCell(24, 2, 'core.CreditCardValidationTest')
data.setCell(24, 3, 2);
data.setCell(25, 0, 25)
data.setCell(25, 1, 'card_exp_format_test')
data.setCell(25, 2, 'core.CreditCardValidationTest')
data.setCell(25, 3, 1);
data.setCell(26, 0, 26)
data.setCell(26, 1, 'card_exp_test')
data.setCell(26, 2, 'core.CreditCardValidationTest')
data.setCell(26, 3, 1);
data.setCell(27, 0, 27)
data.setCell(27, 1, 'card_exp_test')
data.setCell(27, 2, 'core.CreditCardValidationTest')
data.setCell(27, 3, 1);
data.setCell(28, 0, 28)
data.setCell(28, 1, 'card_type_test')
data.setCell(28, 2, 'core.CreditCardValidationTest')
data.setCell(28, 3, 1);
data.setCell(29, 0, 29)
data.setCell(29, 1, 'card_number_length_test')
data.setCell(29, 2, 'core.CreditCardValidationTest')
data.setCell(29, 3, 1);
window.suiteTableData['Default_suite']= { tableData: data, tableDiv: 'times-div-Default_suite'}
return data;
}
              </script>
              <span class="suite-total-time">Total running time: 234 ms</span>
              <div id="times-div-Default_suite">
              </div> <!-- times-div-Default_suite -->
            </div> <!-- times-div -->
          </div> <!-- main-panel-content rounded-window-bottom -->
        </div> <!-- panel -->
        <div panel-name="reporter-Default_suite" class="panel">
          <div class="main-panel-header rounded-window-top">
            <span class="header-content">Reporter output for Default suite</span>
          </div> <!-- main-panel-header rounded-window-top -->
          <div class="main-panel-content rounded-window-bottom">
          </div> <!-- main-panel-content rounded-window-bottom -->
        </div> <!-- panel -->
        <div panel-name="ignored-methods-Default_suite" class="panel">
          <div class="main-panel-header rounded-window-top">
            <span class="header-content">0 ignored methods</span>
          </div> <!-- main-panel-header rounded-window-top -->
          <div class="main-panel-content rounded-window-bottom">
          </div> <!-- main-panel-content rounded-window-bottom -->
        </div> <!-- panel -->
        <div panel-name="chronological-Default_suite" class="panel">
          <div class="main-panel-header rounded-window-top">
            <span class="header-content">Methods in chronological order</span>
          </div> <!-- main-panel-header rounded-window-top -->
          <div class="main-panel-content rounded-window-bottom">
            <div class="chronological-class">
              <div class="chronological-class-name">core.CreditCardValidationTest</div> <!-- chronological-class-name -->
              <div class="configuration-method before">
                <span class="method-name">bm(public void core.CreditCardValidationTest.card_cvv_test(java.lang.String,java.lang.String,java.lang....)</span>
                <span class="method-start">0 ms</span>
              </div> <!-- configuration-method before -->
              <div class="test-method">
                <span class="method-name">card_cvv_test(VISA, 4532-5471-0699-4816, 03/18, 123)</span>
                <span class="method-start">23 ms</span>
              </div> <!-- test-method -->
              <div class="configuration-method before">
                <span class="method-name">bm(public void core.CreditCardValidationTest.card_cvv_test(java.lang.String,java.lang.String,java.lang....)</span>
                <span class="method-start">161 ms</span>
              </div> <!-- configuration-method before -->
              <div class="test-method">
                <span class="method-name">card_cvv_test(MasterCard, 5584398929973080, 09/19, 123)</span>
                <span class="method-start">164 ms</span>
              </div> <!-- test-method -->
              <div class="configuration-method before">
                <span class="method-name">bm(public void core.CreditCardValidationTest.card_cvv_test(java.lang.String,java.lang.String,java.lang....)</span>
                <span class="method-start">175 ms</span>
              </div> <!-- configuration-method before -->
              <div class="test-method">
                <span class="method-name">card_cvv_test(Discover, 60119333026796141, 02/18, 123)</span>
                <span class="method-start">175 ms</span>
              </div> <!-- test-method -->
              <div class="configuration-method before">
                <span class="method-name">bm(public void core.CreditCardValidationTest.card_cvv_test(java.lang.String,java.lang.String,java.lang....)</span>
                <span class="method-start">184 ms</span>
              </div> <!-- configuration-method before -->
              <div class="test-method">
                <span class="method-name">card_cvv_test(American Express, 377836551942260, 04/17, 1234)</span>
                <span class="method-start">185 ms</span>
              </div> <!-- test-method -->
              <div class="configuration-method before">
                <span class="method-name">bm(public void core.CreditCardValidationTest.card_cvv_test(java.lang.String,java.lang.String,java.lang....)</span>
                <span class="method-start">199 ms</span>
              </div> <!-- configuration-method before -->
              <div class="test-method">
                <img src="failed.png">
                </img>
                <span class="method-name">card_cvv_test(BLAH, 4532-5471-0699-4816-1234, 06/16, 1234)</span>
                <span class="method-start">201 ms</span>
              </div> <!-- test-method -->
              <div class="configuration-method before">
                <span class="method-name">bm(public void core.CreditCardValidationTest.card_exp_format_test(java.lang.String,java.lang.String,jav...)</span>
                <span class="method-start">224 ms</span>
              </div> <!-- configuration-method before -->
              <div class="test-method">
                <span class="method-name">card_exp_format_test(VISA, 4532-5471-0699-4816, 03/18, 123)</span>
                <span class="method-start">224 ms</span>
              </div> <!-- test-method -->
              <div class="configuration-method before">
                <span class="method-name">bm(public void core.CreditCardValidationTest.card_exp_format_test(java.lang.String,java.lang.String,jav...)</span>
                <span class="method-start">240 ms</span>
              </div> <!-- configuration-method before -->
              <div class="test-method">
                <span class="method-name">card_exp_format_test(MasterCard, 5584398929973080, 09/19, 123)</span>
                <span class="method-start">240 ms</span>
              </div> <!-- test-method -->
              <div class="configuration-method before">
                <span class="method-name">bm(public void core.CreditCardValidationTest.card_exp_format_test(java.lang.String,java.lang.String,jav...)</span>
                <span class="method-start">244 ms</span>
              </div> <!-- configuration-method before -->
              <div class="test-method">
                <span class="method-name">card_exp_format_test(Discover, 60119333026796141, 02/18, 123)</span>
                <span class="method-start">244 ms</span>
              </div> <!-- test-method -->
              <div class="configuration-method before">
                <span class="method-name">bm(public void core.CreditCardValidationTest.card_exp_format_test(java.lang.String,java.lang.String,jav...)</span>
                <span class="method-start">257 ms</span>
              </div> <!-- configuration-method before -->
              <div class="test-method">
                <span class="method-name">card_exp_format_test(American Express, 377836551942260, 04/17, 1234)</span>
                <span class="method-start">258 ms</span>
              </div> <!-- test-method -->
              <div class="configuration-method before">
                <span class="method-name">bm(public void core.CreditCardValidationTest.card_exp_format_test(java.lang.String,java.lang.String,jav...)</span>
                <span class="method-start">270 ms</span>
              </div> <!-- configuration-method before -->
              <div class="test-method">
                <span class="method-name">card_exp_format_test(BLAH, 4532-5471-0699-4816-1234, 06/16, 1234)</span>
                <span class="method-start">270 ms</span>
              </div> <!-- test-method -->
              <div class="configuration-method before">
                <span class="method-name">bm(public void core.CreditCardValidationTest.card_exp_test(java.lang.String,java.lang.String,java.lang....)</span>
                <span class="method-start">275 ms</span>
              </div> <!-- configuration-method before -->
              <div class="test-method">
                <span class="method-name">card_exp_test(VISA, 4532-5471-0699-4816, 03/18, 123)</span>
                <span class="method-start">276 ms</span>
              </div> <!-- test-method -->
              <div class="configuration-method before">
                <span class="method-name">bm(public void core.CreditCardValidationTest.card_exp_test(java.lang.String,java.lang.String,java.lang....)</span>
                <span class="method-start">300 ms</span>
              </div> <!-- configuration-method before -->
              <div class="test-method">
                <span class="method-name">card_exp_test(MasterCard, 5584398929973080, 09/19, 123)</span>
                <span class="method-start">301 ms</span>
              </div> <!-- test-method -->
              <div class="configuration-method before">
                <span class="method-name">bm(public void core.CreditCardValidationTest.card_exp_test(java.lang.String,java.lang.String,java.lang....)</span>
                <span class="method-start">306 ms</span>
              </div> <!-- configuration-method before -->
              <div class="test-method">
                <span class="method-name">card_exp_test(Discover, 60119333026796141, 02/18, 123)</span>
                <span class="method-start">308 ms</span>
              </div> <!-- test-method -->
              <div class="configuration-method before">
                <span class="method-name">bm(public void core.CreditCardValidationTest.card_exp_test(java.lang.String,java.lang.String,java.lang....)</span>
                <span class="method-start">316 ms</span>
              </div> <!-- configuration-method before -->
              <div class="test-method">
                <span class="method-name">card_exp_test(American Express, 377836551942260, 04/17, 1234)</span>
                <span class="method-start">317 ms</span>
              </div> <!-- test-method -->
              <div class="configuration-method before">
                <span class="method-name">bm(public void core.CreditCardValidationTest.card_exp_test(java.lang.String,java.lang.String,java.lang....)</span>
                <span class="method-start">327 ms</span>
              </div> <!-- configuration-method before -->
              <div class="test-method">
                <img src="failed.png">
                </img>
                <span class="method-name">card_exp_test(BLAH, 4532-5471-0699-4816-1234, 06/16, 1234)</span>
                <span class="method-start">335 ms</span>
              </div> <!-- test-method -->
              <div class="configuration-method before">
                <span class="method-name">bm(public void core.CreditCardValidationTest.card_number_length_test(java.lang.String,java.lang.String,...)</span>
                <span class="method-start">375 ms</span>
              </div> <!-- configuration-method before -->
              <div class="test-method">
                <span class="method-name">card_number_length_test(VISA, 4532-5471-0699-4816, 03/18, 123)</span>
                <span class="method-start">383 ms</span>
              </div> <!-- test-method -->
              <div class="configuration-method before">
                <span class="method-name">bm(public void core.CreditCardValidationTest.card_number_length_test(java.lang.String,java.lang.String,...)</span>
                <span class="method-start">397 ms</span>
              </div> <!-- configuration-method before -->
              <div class="test-method">
                <span class="method-name">card_number_length_test(MasterCard, 5584398929973080, 09/19, 123)</span>
                <span class="method-start">397 ms</span>
              </div> <!-- test-method -->
              <div class="configuration-method before">
                <span class="method-name">bm(public void core.CreditCardValidationTest.card_number_length_test(java.lang.String,java.lang.String,...)</span>
                <span class="method-start">402 ms</span>
              </div> <!-- configuration-method before -->
              <div class="test-method">
                <img src="failed.png">
                </img>
                <span class="method-name">card_number_length_test(Discover, 60119333026796141, 02/18, 123)</span>
                <span class="method-start">402 ms</span>
              </div> <!-- test-method -->
              <div class="configuration-method before">
                <span class="method-name">bm(public void core.CreditCardValidationTest.card_number_length_test(java.lang.String,java.lang.String,...)</span>
                <span class="method-start">408 ms</span>
              </div> <!-- configuration-method before -->
              <div class="test-method">
                <span class="method-name">card_number_length_test(American Express, 377836551942260, 04/17, 1234)</span>
                <span class="method-start">409 ms</span>
              </div> <!-- test-method -->
              <div class="configuration-method before">
                <span class="method-name">bm(public void core.CreditCardValidationTest.card_number_length_test(java.lang.String,java.lang.String,...)</span>
                <span class="method-start">420 ms</span>
              </div> <!-- configuration-method before -->
              <div class="test-method">
                <img src="failed.png">
                </img>
                <span class="method-name">card_number_length_test(BLAH, 4532-5471-0699-4816-1234, 06/16, 1234)</span>
                <span class="method-start">421 ms</span>
              </div> <!-- test-method -->
              <div class="configuration-method before">
                <span class="method-name">bm(public void core.CreditCardValidationTest.card_type_test(java.lang.String,java.lang.String,java.lang...)</span>
                <span class="method-start">431 ms</span>
              </div> <!-- configuration-method before -->
              <div class="test-method">
                <span class="method-name">card_type_test(VISA, 4532-5471-0699-4816, 03/18, 123)</span>
                <span class="method-start">431 ms</span>
              </div> <!-- test-method -->
              <div class="configuration-method before">
                <span class="method-name">bm(public void core.CreditCardValidationTest.card_type_test(java.lang.String,java.lang.String,java.lang...)</span>
                <span class="method-start">441 ms</span>
              </div> <!-- configuration-method before -->
              <div class="test-method">
                <span class="method-name">card_type_test(MasterCard, 5584398929973080, 09/19, 123)</span>
                <span class="method-start">441 ms</span>
              </div> <!-- test-method -->
              <div class="configuration-method before">
                <span class="method-name">bm(public void core.CreditCardValidationTest.card_type_test(java.lang.String,java.lang.String,java.lang...)</span>
                <span class="method-start">456 ms</span>
              </div> <!-- configuration-method before -->
              <div class="test-method">
                <img src="failed.png">
                </img>
                <span class="method-name">card_type_test(Discover, 60119333026796141, 02/18, 123)</span>
                <span class="method-start">457 ms</span>
              </div> <!-- test-method -->
              <div class="configuration-method before">
                <span class="method-name">bm(public void core.CreditCardValidationTest.card_type_test(java.lang.String,java.lang.String,java.lang...)</span>
                <span class="method-start">475 ms</span>
              </div> <!-- configuration-method before -->
              <div class="test-method">
                <span class="method-name">card_type_test(American Express, 377836551942260, 04/17, 1234)</span>
                <span class="method-start">475 ms</span>
              </div> <!-- test-method -->
              <div class="configuration-method before">
                <span class="method-name">bm(public void core.CreditCardValidationTest.card_type_test(java.lang.String,java.lang.String,java.lang...)</span>
                <span class="method-start">481 ms</span>
              </div> <!-- configuration-method before -->
              <div class="test-method">
                <img src="failed.png">
                </img>
                <span class="method-name">card_type_test(BLAH, 4532-5471-0699-4816-1234, 06/16, 1234)</span>
                <span class="method-start">481 ms</span>
              </div> <!-- test-method -->
              <div class="configuration-method before">
                <span class="method-name">bm(public void core.CreditCardValidationTest.luhn_test(java.lang.String,java.lang.String,java.lang.Stri...)</span>
                <span class="method-start">493 ms</span>
              </div> <!-- configuration-method before -->
              <div class="test-method">
                <span class="method-name">luhn_test(VISA, 4532-5471-0699-4816, 03/18, 123)</span>
                <span class="method-start">494 ms</span>
              </div> <!-- test-method -->
              <div class="configuration-method before">
                <span class="method-name">bm(public void core.CreditCardValidationTest.luhn_test(java.lang.String,java.lang.String,java.lang.Stri...)</span>
                <span class="method-start">500 ms</span>
              </div> <!-- configuration-method before -->
              <div class="test-method">
                <span class="method-name">luhn_test(MasterCard, 5584398929973080, 09/19, 123)</span>
                <span class="method-start">501 ms</span>
              </div> <!-- test-method -->
              <div class="configuration-method before">
                <span class="method-name">bm(public void core.CreditCardValidationTest.luhn_test(java.lang.String,java.lang.String,java.lang.Stri...)</span>
                <span class="method-start">507 ms</span>
              </div> <!-- configuration-method before -->
              <div class="test-method">
                <span class="method-name">luhn_test(Discover, 60119333026796141, 02/18, 123)</span>
                <span class="method-start">509 ms</span>
              </div> <!-- test-method -->
              <div class="configuration-method before">
                <span class="method-name">bm(public void core.CreditCardValidationTest.luhn_test(java.lang.String,java.lang.String,java.lang.Stri...)</span>
                <span class="method-start">515 ms</span>
              </div> <!-- configuration-method before -->
              <div class="test-method">
                <img src="failed.png">
                </img>
                <span class="method-name">luhn_test(American Express, 377836551942260, 04/17, 1234)</span>
                <span class="method-start">515 ms</span>
              </div> <!-- test-method -->
              <div class="configuration-method before">
                <span class="method-name">bm(public void core.CreditCardValidationTest.luhn_test(java.lang.String,java.lang.String,java.lang.Stri...)</span>
                <span class="method-start">520 ms</span>
              </div> <!-- configuration-method before -->
              <div class="test-method">
                <img src="failed.png">
                </img>
                <span class="method-name">luhn_test(BLAH, 4532-5471-0699-4816-1234, 06/16, 1234)</span>
                <span class="method-start">521 ms</span>
              </div> <!-- test-method -->
          </div> <!-- main-panel-content rounded-window-bottom -->
        </div> <!-- panel -->
      </div> <!-- main-panel-root -->
    </div> <!-- wrapper -->
  </body>
</html>
